2023-01-30 10:27:56 I/main: Starting mirai-console...
2023-01-30 10:27:56 I/main: 

==================================[ Mirai consosle 2.13.4 ]===================================
 __       __ __                   __  ______                                      __
|  \     /  \  \                 |  \/      \                                    |  \
| ▓▓\   /  ▓▓\▓▓ ______   ______  \▓▓  ▓▓▓▓▓▓\ ______  _______   _______  ______ | ▓▓ ______
| ▓▓▓\ /  ▓▓▓  \/      \ |      \|  \ ▓▓   \▓▓/      \|       \ /       \/      \| ▓▓/      \
| ▓▓▓▓\  ▓▓▓▓ ▓▓  ▓▓▓▓▓▓\ \▓▓▓▓▓▓\ ▓▓ ▓▓     |  ▓▓▓▓▓▓\ ▓▓▓▓▓▓▓\  ▓▓▓▓▓▓▓  ▓▓▓▓▓▓\ ▓▓  ▓▓▓▓▓▓\
| ▓▓\▓▓ ▓▓ ▓▓ ▓▓ ▓▓   \▓▓/      ▓▓ ▓▓ ▓▓   __| ▓▓  | ▓▓ ▓▓  | ▓▓\▓▓    \| ▓▓  | ▓▓ ▓▓ ▓▓    ▓▓
| ▓▓ \▓▓▓| ▓▓ ▓▓ ▓▓     |  ▓▓▓▓▓▓▓ ▓▓ ▓▓__/  \ ▓▓__/ ▓▓ ▓▓  | ▓▓_\▓▓▓▓▓▓\ ▓▓__/ ▓▓ ▓▓ ▓▓▓▓▓▓▓▓
| ▓▓  \▓ | ▓▓ ▓▓ ▓▓      \▓▓    ▓▓ ▓▓\▓▓    ▓▓\▓▓    ▓▓ ▓▓  | ▓▓       ▓▓\▓▓    ▓▓ ▓▓\▓▓     \
 \▓▓      \▓▓\▓▓\▓▓       \▓▓▓▓▓▓▓\▓▓ \▓▓▓▓▓▓  \▓▓▓▓▓▓ \▓▓   \▓▓\▓▓▓▓▓▓▓  \▓▓▓▓▓▓ \▓▓ \▓▓▓▓▓▓▓


2023-01-30 10:27:56 I/main: Backend: version 2.13.4, built on 2023-01-21 21:19:40.
2023-01-30 10:27:56 I/main: Frontend Terminal: version 2.13.4, provided by Mamoe Technologies
2023-01-30 10:27:56 I/main: Welcome to visit https://mirai.mamoe.net/
2023-01-30 10:27:56 W/stderr: SLF4J: Failed to load class "org.slf4j.impl.StaticLoggerBinder".
2023-01-30 10:27:56 W/stderr: SLF4J: Defaulting to no-operation (NOP) logger implementation
2023-01-30 10:27:56 W/stderr: SLF4J: See http://www.slf4j.org/codes.html#StaticLoggerBinder for further details.
2023-01-30 10:28:53 I/plugin: Successfully loaded plugin given.PhigrosBot v0.0.1
2023-01-30 10:28:53 I/main: Prepared built-in commands: autoLogin, help, login, logout, permission, status, stop
2023-01-30 10:28:53 E/given.PhigrosBot: 启动
2023-01-30 10:28:53 W/stderr: java.io.FileNotFoundException: /home/given/IdeaProjects/PhigrosBot/debug-sandbox/data/given.PhigrosBot/rks.csv (没有那个文件或目录)
2023-01-30 10:28:53 W/stderr: 	at java.base/java.io.FileInputStream.open0(Native Method)
2023-01-30 10:28:53 W/stderr: 	at java.base/java.io.FileInputStream.open(FileInputStream.java:219)
2023-01-30 10:28:53 W/stderr: 	at java.base/java.io.FileInputStream.<init>(FileInputStream.java:157)
2023-01-30 10:28:53 W/stderr: 	at java.base/java.io.FileReader.<init>(FileReader.java:75)
2023-01-30 10:28:53 W/stderr: 	at PhigrosBot-dev.mirai2.jar//Util.readLevel(Util.java:37)
2023-01-30 10:28:53 W/stderr: 	at PhigrosBot-dev.mirai2.jar//MyPlugin.onEnable(MyPlugin.java:17)
2023-01-30 10:28:53 W/stderr: 	at net.mamoe.mirai.console.internal.plugin.JvmPluginInternal.internalOnEnable$mirai_console(JvmPluginInternal.kt:131)
2023-01-30 10:28:53 W/stderr: 	at net.mamoe.mirai.console.internal.plugin.BuiltInJvmPluginLoaderImpl.enable(BuiltInJvmPluginLoaderImpl.kt:305)
2023-01-30 10:28:53 W/stderr: 	at net.mamoe.mirai.console.internal.plugin.BuiltInJvmPluginLoaderImpl.enable(BuiltInJvmPluginLoaderImpl.kt:35)
2023-01-30 10:28:53 W/stderr: 	at net.mamoe.mirai.console.plugin.jvm.JvmPluginLoader$BuiltIn.enable(JvmPluginLoader.kt)
2023-01-30 10:28:53 W/stderr: 	at net.mamoe.mirai.console.plugin.jvm.JvmPluginLoader$BuiltIn.enable(JvmPluginLoader.kt:50)
2023-01-30 10:28:53 W/stderr: 	at net.mamoe.mirai.console.plugin.PluginManager.enablePlugin(PluginManager.kt:173)
2023-01-30 10:28:53 W/stderr: 	at net.mamoe.mirai.console.internal.plugin.PluginManagerImpl.enableAllLoadedPlugins$mirai_console(PluginManagerImpl.kt:175)
2023-01-30 10:28:53 W/stderr: 	at net.mamoe.mirai.console.internal.MiraiConsoleImplementationBridge.doStart$mirai_console(MiraiConsoleImplementationBridge.kt:336)
2023-01-30 10:28:53 W/stderr: 	at net.mamoe.mirai.console.MiraiConsoleImplementation$Companion.start(MiraiConsoleImplementation.kt:508)
2023-01-30 10:28:53 W/stderr: 	at net.mamoe.mirai.console.terminal.MiraiConsoleTerminalLoader.startAsDaemon(MiraiConsoleTerminalLoader.kt:177)
2023-01-30 10:28:53 W/stderr: 	at net.mamoe.mirai.console.terminal.MiraiConsoleTerminalLoader.startAsDaemon$default(MiraiConsoleTerminalLoader.kt:176)
2023-01-30 10:28:53 W/stderr: 	at net.mamoe.mirai.console.terminal.MiraiConsoleTerminalLoader.main(MiraiConsoleTerminalLoader.kt:54)
2023-01-30 10:28:53 I/main: 1 plugin(s) enabled.
2023-01-30 10:28:53 I/main: mirai-console started successfully.
2023-01-30 10:31:28 I/main: Starting mirai-console...
2023-01-30 10:31:28 I/main: 

==================================[ Mirai consosle 2.13.4 ]===================================
 __       __ __                   __  ______                                      __
|  \     /  \  \                 |  \/      \                                    |  \
| ▓▓\   /  ▓▓\▓▓ ______   ______  \▓▓  ▓▓▓▓▓▓\ ______  _______   _______  ______ | ▓▓ ______
| ▓▓▓\ /  ▓▓▓  \/      \ |      \|  \ ▓▓   \▓▓/      \|       \ /       \/      \| ▓▓/      \
| ▓▓▓▓\  ▓▓▓▓ ▓▓  ▓▓▓▓▓▓\ \▓▓▓▓▓▓\ ▓▓ ▓▓     |  ▓▓▓▓▓▓\ ▓▓▓▓▓▓▓\  ▓▓▓▓▓▓▓  ▓▓▓▓▓▓\ ▓▓  ▓▓▓▓▓▓\
| ▓▓\▓▓ ▓▓ ▓▓ ▓▓ ▓▓   \▓▓/      ▓▓ ▓▓ ▓▓   __| ▓▓  | ▓▓ ▓▓  | ▓▓\▓▓    \| ▓▓  | ▓▓ ▓▓ ▓▓    ▓▓
| ▓▓ \▓▓▓| ▓▓ ▓▓ ▓▓     |  ▓▓▓▓▓▓▓ ▓▓ ▓▓__/  \ ▓▓__/ ▓▓ ▓▓  | ▓▓_\▓▓▓▓▓▓\ ▓▓__/ ▓▓ ▓▓ ▓▓▓▓▓▓▓▓
| ▓▓  \▓ | ▓▓ ▓▓ ▓▓      \▓▓    ▓▓ ▓▓\▓▓    ▓▓\▓▓    ▓▓ ▓▓  | ▓▓       ▓▓\▓▓    ▓▓ ▓▓\▓▓     \
 \▓▓      \▓▓\▓▓\▓▓       \▓▓▓▓▓▓▓\▓▓ \▓▓▓▓▓▓  \▓▓▓▓▓▓ \▓▓   \▓▓\▓▓▓▓▓▓▓  \▓▓▓▓▓▓ \▓▓ \▓▓▓▓▓▓▓


2023-01-30 10:31:28 I/main: Backend: version 2.13.4, built on 2023-01-21 21:19:40.
2023-01-30 10:31:28 I/main: Frontend Terminal: version 2.13.4, provided by Mamoe Technologies
2023-01-30 10:31:28 I/main: Welcome to visit https://mirai.mamoe.net/
2023-01-30 10:31:28 W/stderr: SLF4J: Failed to load class "org.slf4j.impl.StaticLoggerBinder".
2023-01-30 10:31:28 W/stderr: SLF4J: Defaulting to no-operation (NOP) logger implementation
2023-01-30 10:31:28 W/stderr: SLF4J: See http://www.slf4j.org/codes.html#StaticLoggerBinder for further details.
2023-01-30 10:31:28 I/plugin: Successfully loaded plugin given.PhigrosBot v0.0.1
2023-01-30 10:31:28 I/main: Prepared built-in commands: autoLogin, help, login, logout, permission, status, stop
2023-01-30 10:31:28 E/given.PhigrosBot: 启动
2023-01-30 10:31:28 I/main: 1 plugin(s) enabled.
2023-01-30 10:31:28 I/main: mirai-console started successfully.
2023-01-30 10:33:03 E/given.PhigrosBot: 命令
2023-01-30 10:33:03 W/stderr: java.lang.NullPointerException
2023-01-30 10:33:03 W/stderr: 	at PhigrosBot-dev.mirai2.jar//MyCommand.onCommand(MyCommand.java:46)
2023-01-30 10:33:03 W/stderr: 	at net.mamoe.mirai.console.command.java.JRawCommand.onCommand(JRawCommand.kt:121)
2023-01-30 10:33:03 W/stderr: 	at net.mamoe.mirai.console.command.java.JRawCommand$overloads$1$invokeSuspend$$inlined$runBIO$1.invoke(CoroutineUtils.kt:23)
2023-01-30 10:33:03 W/stderr: 	at kotlinx.coroutines.InterruptibleKt.runInterruptibleInExpectedContext(Interruptible.kt:51)
2023-01-30 10:33:03 W/stderr: 	at kotlinx.coroutines.InterruptibleKt.access$runInterruptibleInExpectedContext(Interruptible.kt:1)
2023-01-30 10:33:03 W/stderr: 	at kotlinx.coroutines.InterruptibleKt$runInterruptible$2.invokeSuspend(Interruptible.kt:43)
2023-01-30 10:33:03 W/stderr: 	at kotlin.coroutines.jvm.internal.BaseContinuationImpl.resumeWith(ContinuationImpl.kt:33)
2023-01-30 10:33:03 W/stderr: 	at kotlinx.coroutines.DispatchedTask.run(DispatchedTask.kt:106)
2023-01-30 10:33:03 W/stderr: 	at kotlinx.coroutines.internal.LimitedDispatcher.run(LimitedDispatcher.kt:42)
2023-01-30 10:33:03 W/stderr: 	at kotlinx.coroutines.scheduling.TaskImpl.run(Tasks.kt:95)
2023-01-30 10:33:03 W/stderr: 	at kotlinx.coroutines.scheduling.CoroutineScheduler.runSafely(CoroutineScheduler.kt:570)
2023-01-30 10:33:03 W/stderr: 	at kotlinx.coroutines.scheduling.CoroutineScheduler$Worker.executeTask(CoroutineScheduler.kt:750)
2023-01-30 10:33:03 W/stderr: 	at kotlinx.coroutines.scheduling.CoroutineScheduler$Worker.runWorker(CoroutineScheduler.kt:677)
2023-01-30 10:33:03 W/stderr: 	at kotlinx.coroutines.scheduling.CoroutineScheduler$Worker.run(CoroutineScheduler.kt:664)
2023-01-30 10:34:11 I/main: Starting mirai-console...
2023-01-30 10:34:11 I/main: 

==================================[ Mirai consosle 2.13.4 ]===================================
 __       __ __                   __  ______                                      __
|  \     /  \  \                 |  \/      \                                    |  \
| ▓▓\   /  ▓▓\▓▓ ______   ______  \▓▓  ▓▓▓▓▓▓\ ______  _______   _______  ______ | ▓▓ ______
| ▓▓▓\ /  ▓▓▓  \/      \ |      \|  \ ▓▓   \▓▓/      \|       \ /       \/      \| ▓▓/      \
| ▓▓▓▓\  ▓▓▓▓ ▓▓  ▓▓▓▓▓▓\ \▓▓▓▓▓▓\ ▓▓ ▓▓     |  ▓▓▓▓▓▓\ ▓▓▓▓▓▓▓\  ▓▓▓▓▓▓▓  ▓▓▓▓▓▓\ ▓▓  ▓▓▓▓▓▓\
| ▓▓\▓▓ ▓▓ ▓▓ ▓▓ ▓▓   \▓▓/      ▓▓ ▓▓ ▓▓   __| ▓▓  | ▓▓ ▓▓  | ▓▓\▓▓    \| ▓▓  | ▓▓ ▓▓ ▓▓    ▓▓
| ▓▓ \▓▓▓| ▓▓ ▓▓ ▓▓     |  ▓▓▓▓▓▓▓ ▓▓ ▓▓__/  \ ▓▓__/ ▓▓ ▓▓  | ▓▓_\▓▓▓▓▓▓\ ▓▓__/ ▓▓ ▓▓ ▓▓▓▓▓▓▓▓
| ▓▓  \▓ | ▓▓ ▓▓ ▓▓      \▓▓    ▓▓ ▓▓\▓▓    ▓▓\▓▓    ▓▓ ▓▓  | ▓▓       ▓▓\▓▓    ▓▓ ▓▓\▓▓     \
 \▓▓      \▓▓\▓▓\▓▓       \▓▓▓▓▓▓▓\▓▓ \▓▓▓▓▓▓  \▓▓▓▓▓▓ \▓▓   \▓▓\▓▓▓▓▓▓▓  \▓▓▓▓▓▓ \▓▓ \▓▓▓▓▓▓▓


2023-01-30 10:34:11 I/main: Backend: version 2.13.4, built on 2023-01-21 21:19:40.
2023-01-30 10:34:11 I/main: Frontend Terminal: version 2.13.4, provided by Mamoe Technologies
2023-01-30 10:34:11 I/main: Welcome to visit https://mirai.mamoe.net/
2023-01-30 10:34:11 W/stderr: SLF4J: Failed to load class "org.slf4j.impl.StaticLoggerBinder".
2023-01-30 10:34:11 W/stderr: SLF4J: Defaulting to no-operation (NOP) logger implementation
2023-01-30 10:34:11 W/stderr: SLF4J: See http://www.slf4j.org/codes.html#StaticLoggerBinder for further details.
2023-01-30 10:34:11 I/plugin: Successfully loaded plugin given.PhigrosBot v0.0.1
2023-01-30 10:34:12 I/main: Prepared built-in commands: autoLogin, help, login, logout, permission, status, stop
2023-01-30 10:34:12 E/given.PhigrosBot: 启动
2023-01-30 10:34:12 I/main: 1 plugin(s) enabled.
2023-01-30 10:34:12 I/main: mirai-console started successfully.
2023-01-30 10:34:16 E/given.PhigrosBot: 命令
2023-01-30 10:34:16 W/stderr: java.lang.NullPointerException
2023-01-30 10:34:16 W/stderr: 	at PhigrosBot-dev.mirai2.jar//MyCommand.onCommand(MyCommand.java:128)
2023-01-30 10:34:16 W/stderr: 	at net.mamoe.mirai.console.command.java.JRawCommand.onCommand(JRawCommand.kt:121)
2023-01-30 10:34:16 W/stderr: 	at net.mamoe.mirai.console.command.java.JRawCommand$overloads$1$invokeSuspend$$inlined$runBIO$1.invoke(CoroutineUtils.kt:23)
2023-01-30 10:34:16 W/stderr: 	at kotlinx.coroutines.InterruptibleKt.runInterruptibleInExpectedContext(Interruptible.kt:51)
2023-01-30 10:34:16 W/stderr: 	at kotlinx.coroutines.InterruptibleKt.access$runInterruptibleInExpectedContext(Interruptible.kt:1)
2023-01-30 10:34:16 W/stderr: 	at kotlinx.coroutines.InterruptibleKt$runInterruptible$2.invokeSuspend(Interruptible.kt:43)
2023-01-30 10:34:16 W/stderr: 	at kotlin.coroutines.jvm.internal.BaseContinuationImpl.resumeWith(ContinuationImpl.kt:33)
2023-01-30 10:34:16 W/stderr: 	at kotlinx.coroutines.DispatchedTask.run(DispatchedTask.kt:106)
2023-01-30 10:34:16 W/stderr: 	at kotlinx.coroutines.internal.LimitedDispatcher.run(LimitedDispatcher.kt:42)
2023-01-30 10:34:16 W/stderr: 	at kotlinx.coroutines.scheduling.TaskImpl.run(Tasks.kt:95)
2023-01-30 10:34:16 W/stderr: 	at kotlinx.coroutines.scheduling.CoroutineScheduler.runSafely(CoroutineScheduler.kt:570)
2023-01-30 10:34:16 W/stderr: 	at kotlinx.coroutines.scheduling.CoroutineScheduler$Worker.executeTask(CoroutineScheduler.kt:750)
2023-01-30 10:34:16 W/stderr: 	at kotlinx.coroutines.scheduling.CoroutineScheduler$Worker.runWorker(CoroutineScheduler.kt:677)
2023-01-30 10:34:16 W/stderr: 	at kotlinx.coroutines.scheduling.CoroutineScheduler$Worker.run(CoroutineScheduler.kt:664)
2023-01-30 10:35:06 I/main: Starting mirai-console...
2023-01-30 10:35:06 I/main: 

==================================[ Mirai consosle 2.13.4 ]===================================
 __       __ __                   __  ______                                      __
|  \     /  \  \                 |  \/      \                                    |  \
| ▓▓\   /  ▓▓\▓▓ ______   ______  \▓▓  ▓▓▓▓▓▓\ ______  _______   _______  ______ | ▓▓ ______
| ▓▓▓\ /  ▓▓▓  \/      \ |      \|  \ ▓▓   \▓▓/      \|       \ /       \/      \| ▓▓/      \
| ▓▓▓▓\  ▓▓▓▓ ▓▓  ▓▓▓▓▓▓\ \▓▓▓▓▓▓\ ▓▓ ▓▓     |  ▓▓▓▓▓▓\ ▓▓▓▓▓▓▓\  ▓▓▓▓▓▓▓  ▓▓▓▓▓▓\ ▓▓  ▓▓▓▓▓▓\
| ▓▓\▓▓ ▓▓ ▓▓ ▓▓ ▓▓   \▓▓/      ▓▓ ▓▓ ▓▓   __| ▓▓  | ▓▓ ▓▓  | ▓▓\▓▓    \| ▓▓  | ▓▓ ▓▓ ▓▓    ▓▓
| ▓▓ \▓▓▓| ▓▓ ▓▓ ▓▓     |  ▓▓▓▓▓▓▓ ▓▓ ▓▓__/  \ ▓▓__/ ▓▓ ▓▓  | ▓▓_\▓▓▓▓▓▓\ ▓▓__/ ▓▓ ▓▓ ▓▓▓▓▓▓▓▓
| ▓▓  \▓ | ▓▓ ▓▓ ▓▓      \▓▓    ▓▓ ▓▓\▓▓    ▓▓\▓▓    ▓▓ ▓▓  | ▓▓       ▓▓\▓▓    ▓▓ ▓▓\▓▓     \
 \▓▓      \▓▓\▓▓\▓▓       \▓▓▓▓▓▓▓\▓▓ \▓▓▓▓▓▓  \▓▓▓▓▓▓ \▓▓   \▓▓\▓▓▓▓▓▓▓  \▓▓▓▓▓▓ \▓▓ \▓▓▓▓▓▓▓


2023-01-30 10:35:06 I/main: Backend: version 2.13.4, built on 2023-01-21 21:19:40.
2023-01-30 10:35:06 I/main: Frontend Terminal: version 2.13.4, provided by Mamoe Technologies
2023-01-30 10:35:06 I/main: Welcome to visit https://mirai.mamoe.net/
2023-01-30 10:35:07 W/stderr: SLF4J: Failed to load class "org.slf4j.impl.StaticLoggerBinder".
2023-01-30 10:35:07 W/stderr: SLF4J: Defaulting to no-operation (NOP) logger implementation
2023-01-30 10:35:07 W/stderr: SLF4J: See http://www.slf4j.org/codes.html#StaticLoggerBinder for further details.
2023-01-30 10:35:07 I/plugin: Successfully loaded plugin given.PhigrosBot v0.0.1
2023-01-30 10:35:07 I/main: Prepared built-in commands: autoLogin, help, login, logout, permission, status, stop
2023-01-30 10:35:07 E/given.PhigrosBot: 启动
2023-01-30 10:35:07 I/main: 1 plugin(s) enabled.
2023-01-30 10:35:07 I/main: mirai-console started successfully.
2023-01-30 10:35:11 E/given.PhigrosBot: 命令
2023-01-30 10:35:15 I/stdout: Bad Request
2023-01-30 10:35:15 W/stderr: java.net.ProtocolException: Cannot write output after reading input.
2023-01-30 10:35:15 W/stderr: 	at java.base/sun.net.www.protocol.http.HttpURLConnection.getOutputStream0(HttpURLConnection.java:1363)
2023-01-30 10:35:15 W/stderr: 	at java.base/sun.net.www.protocol.http.HttpURLConnection.getOutputStream(HttpURLConnection.java:1342)
2023-01-30 10:35:15 W/stderr: 	at java.base/sun.net.www.protocol.https.HttpsURLConnectionImpl.getOutputStream(HttpsURLConnectionImpl.java:246)
2023-01-30 10:35:15 W/stderr: 	at PhigrosBot-dev.mirai2.jar//SaveManagement.uploadZip(SaveManagement.java:123)
2023-01-30 10:35:15 W/stderr: 	at PhigrosBot-dev.mirai2.jar//MyCommand.onCommand(MyCommand.java:132)
2023-01-30 10:35:15 W/stderr: 	at net.mamoe.mirai.console.command.java.JRawCommand.onCommand(JRawCommand.kt:121)
2023-01-30 10:35:15 W/stderr: 	at net.mamoe.mirai.console.command.java.JRawCommand$overloads$1$invokeSuspend$$inlined$runBIO$1.invoke(CoroutineUtils.kt:23)
2023-01-30 10:35:15 W/stderr: 	at kotlinx.coroutines.InterruptibleKt.runInterruptibleInExpectedContext(Interruptible.kt:51)
2023-01-30 10:35:15 W/stderr: 	at kotlinx.coroutines.InterruptibleKt.access$runInterruptibleInExpectedContext(Interruptible.kt:1)
2023-01-30 10:35:15 W/stderr: 	at kotlinx.coroutines.InterruptibleKt$runInterruptible$2.invokeSuspend(Interruptible.kt:43)
2023-01-30 10:35:15 W/stderr: 	at kotlin.coroutines.jvm.internal.BaseContinuationImpl.resumeWith(ContinuationImpl.kt:33)
2023-01-30 10:35:15 W/stderr: 	at kotlinx.coroutines.DispatchedTask.run(DispatchedTask.kt:106)
2023-01-30 10:35:15 W/stderr: 	at kotlinx.coroutines.internal.LimitedDispatcher.run(LimitedDispatcher.kt:42)
2023-01-30 10:35:15 W/stderr: 	at kotlinx.coroutines.scheduling.TaskImpl.run(Tasks.kt:95)
2023-01-30 10:35:15 W/stderr: 	at kotlinx.coroutines.scheduling.CoroutineScheduler.runSafely(CoroutineScheduler.kt:570)
2023-01-30 10:35:15 W/stderr: 	at kotlinx.coroutines.scheduling.CoroutineScheduler$Worker.executeTask(CoroutineScheduler.kt:750)
2023-01-30 10:35:15 W/stderr: 	at kotlinx.coroutines.scheduling.CoroutineScheduler$Worker.runWorker(CoroutineScheduler.kt:677)
2023-01-30 10:35:15 W/stderr: 	at kotlinx.coroutines.scheduling.CoroutineScheduler$Worker.run(CoroutineScheduler.kt:664)
2023-01-30 10:42:06 I/main: Starting mirai-console...
2023-01-30 10:42:06 I/main: 

==================================[ Mirai consosle 2.13.4 ]===================================
 __       __ __                   __  ______                                      __
|  \     /  \  \                 |  \/      \                                    |  \
| ▓▓\   /  ▓▓\▓▓ ______   ______  \▓▓  ▓▓▓▓▓▓\ ______  _______   _______  ______ | ▓▓ ______
| ▓▓▓\ /  ▓▓▓  \/      \ |      \|  \ ▓▓   \▓▓/      \|       \ /       \/      \| ▓▓/      \
| ▓▓▓▓\  ▓▓▓▓ ▓▓  ▓▓▓▓▓▓\ \▓▓▓▓▓▓\ ▓▓ ▓▓     |  ▓▓▓▓▓▓\ ▓▓▓▓▓▓▓\  ▓▓▓▓▓▓▓  ▓▓▓▓▓▓\ ▓▓  ▓▓▓▓▓▓\
| ▓▓\▓▓ ▓▓ ▓▓ ▓▓ ▓▓   \▓▓/      ▓▓ ▓▓ ▓▓   __| ▓▓  | ▓▓ ▓▓  | ▓▓\▓▓    \| ▓▓  | ▓▓ ▓▓ ▓▓    ▓▓
| ▓▓ \▓▓▓| ▓▓ ▓▓ ▓▓     |  ▓▓▓▓▓▓▓ ▓▓ ▓▓__/  \ ▓▓__/ ▓▓ ▓▓  | ▓▓_\▓▓▓▓▓▓\ ▓▓__/ ▓▓ ▓▓ ▓▓▓▓▓▓▓▓
| ▓▓  \▓ | ▓▓ ▓▓ ▓▓      \▓▓    ▓▓ ▓▓\▓▓    ▓▓\▓▓    ▓▓ ▓▓  | ▓▓       ▓▓\▓▓    ▓▓ ▓▓\▓▓     \
 \▓▓      \▓▓\▓▓\▓▓       \▓▓▓▓▓▓▓\▓▓ \▓▓▓▓▓▓  \▓▓▓▓▓▓ \▓▓   \▓▓\▓▓▓▓▓▓▓  \▓▓▓▓▓▓ \▓▓ \▓▓▓▓▓▓▓


2023-01-30 10:42:06 I/main: Backend: version 2.13.4, built on 2023-01-21 21:19:40.
2023-01-30 10:42:06 I/main: Frontend Terminal: version 2.13.4, provided by Mamoe Technologies
2023-01-30 10:42:06 I/main: Welcome to visit https://mirai.mamoe.net/
2023-01-30 10:42:06 W/stderr: SLF4J: Failed to load class "org.slf4j.impl.StaticLoggerBinder".
2023-01-30 10:42:06 W/stderr: SLF4J: Defaulting to no-operation (NOP) logger implementation
2023-01-30 10:42:06 W/stderr: SLF4J: See http://www.slf4j.org/codes.html#StaticLoggerBinder for further details.
2023-01-30 10:42:07 I/plugin: Successfully loaded plugin given.PhigrosBot v0.0.1
2023-01-30 10:42:07 I/main: Prepared built-in commands: autoLogin, help, login, logout, permission, status, stop
2023-01-30 10:42:07 E/given.PhigrosBot: 启动
2023-01-30 10:42:07 I/main: 1 plugin(s) enabled.
2023-01-30 10:42:07 I/main: mirai-console started successfully.
2023-01-30 10:42:11 W/console: 未知指令: /outputStream.write("{"name":".save","__type":"File","prefix":"gamesaves"}".getBytes());, 输入 ? 获取帮助
2023-01-30 10:42:38 E/given.PhigrosBot: 命令
2023-01-30 10:42:42 I/stdout: Bad Request
2023-01-30 10:42:42 W/stderr: java.net.ProtocolException: Cannot write output after reading input.
2023-01-30 10:42:42 W/stderr: 	at java.base/sun.net.www.protocol.http.HttpURLConnection.getOutputStream0(HttpURLConnection.java:1363)
2023-01-30 10:42:42 W/stderr: 	at java.base/sun.net.www.protocol.http.HttpURLConnection.getOutputStream(HttpURLConnection.java:1342)
2023-01-30 10:42:42 W/stderr: 	at java.base/sun.net.www.protocol.https.HttpsURLConnectionImpl.getOutputStream(HttpsURLConnectionImpl.java:246)
2023-01-30 10:42:42 W/stderr: 	at PhigrosBot-dev.mirai2.jar//SaveManagement.uploadZip(SaveManagement.java:123)
2023-01-30 10:42:42 W/stderr: 	at PhigrosBot-dev.mirai2.jar//MyCommand.onCommand(MyCommand.java:132)
2023-01-30 10:42:42 W/stderr: 	at net.mamoe.mirai.console.command.java.JRawCommand.onCommand(JRawCommand.kt:121)
2023-01-30 10:42:42 W/stderr: 	at net.mamoe.mirai.console.command.java.JRawCommand$overloads$1$invokeSuspend$$inlined$runBIO$1.invoke(CoroutineUtils.kt:23)
2023-01-30 10:42:42 W/stderr: 	at kotlinx.coroutines.InterruptibleKt.runInterruptibleInExpectedContext(Interruptible.kt:51)
2023-01-30 10:42:42 W/stderr: 	at kotlinx.coroutines.InterruptibleKt.access$runInterruptibleInExpectedContext(Interruptible.kt:1)
2023-01-30 10:42:42 W/stderr: 	at kotlinx.coroutines.InterruptibleKt$runInterruptible$2.invokeSuspend(Interruptible.kt:43)
2023-01-30 10:42:42 W/stderr: 	at kotlin.coroutines.jvm.internal.BaseContinuationImpl.resumeWith(ContinuationImpl.kt:33)
2023-01-30 10:42:42 W/stderr: 	at kotlinx.coroutines.DispatchedTask.run(DispatchedTask.kt:106)
2023-01-30 10:42:42 W/stderr: 	at kotlinx.coroutines.internal.LimitedDispatcher.run(LimitedDispatcher.kt:42)
2023-01-30 10:42:42 W/stderr: 	at kotlinx.coroutines.scheduling.TaskImpl.run(Tasks.kt:95)
2023-01-30 10:42:42 W/stderr: 	at kotlinx.coroutines.scheduling.CoroutineScheduler.runSafely(CoroutineScheduler.kt:570)
2023-01-30 10:42:42 W/stderr: 	at kotlinx.coroutines.scheduling.CoroutineScheduler$Worker.executeTask(CoroutineScheduler.kt:750)
2023-01-30 10:42:42 W/stderr: 	at kotlinx.coroutines.scheduling.CoroutineScheduler$Worker.runWorker(CoroutineScheduler.kt:677)
2023-01-30 10:42:42 W/stderr: 	at kotlinx.coroutines.scheduling.CoroutineScheduler$Worker.run(CoroutineScheduler.kt:664)
2023-01-30 10:45:15 W/console: Closing input service...
2023-01-30 10:45:18 I/main: Starting mirai-console...
2023-01-30 10:45:18 I/main: 

==================================[ Mirai consosle 2.13.4 ]===================================
 __       __ __                   __  ______                                      __
|  \     /  \  \                 |  \/      \                                    |  \
| ▓▓\   /  ▓▓\▓▓ ______   ______  \▓▓  ▓▓▓▓▓▓\ ______  _______   _______  ______ | ▓▓ ______
| ▓▓▓\ /  ▓▓▓  \/      \ |      \|  \ ▓▓   \▓▓/      \|       \ /       \/      \| ▓▓/      \
| ▓▓▓▓\  ▓▓▓▓ ▓▓  ▓▓▓▓▓▓\ \▓▓▓▓▓▓\ ▓▓ ▓▓     |  ▓▓▓▓▓▓\ ▓▓▓▓▓▓▓\  ▓▓▓▓▓▓▓  ▓▓▓▓▓▓\ ▓▓  ▓▓▓▓▓▓\
| ▓▓\▓▓ ▓▓ ▓▓ ▓▓ ▓▓   \▓▓/      ▓▓ ▓▓ ▓▓   __| ▓▓  | ▓▓ ▓▓  | ▓▓\▓▓    \| ▓▓  | ▓▓ ▓▓ ▓▓    ▓▓
| ▓▓ \▓▓▓| ▓▓ ▓▓ ▓▓     |  ▓▓▓▓▓▓▓ ▓▓ ▓▓__/  \ ▓▓__/ ▓▓ ▓▓  | ▓▓_\▓▓▓▓▓▓\ ▓▓__/ ▓▓ ▓▓ ▓▓▓▓▓▓▓▓
| ▓▓  \▓ | ▓▓ ▓▓ ▓▓      \▓▓    ▓▓ ▓▓\▓▓    ▓▓\▓▓    ▓▓ ▓▓  | ▓▓       ▓▓\▓▓    ▓▓ ▓▓\▓▓     \
 \▓▓      \▓▓\▓▓\▓▓       \▓▓▓▓▓▓▓\▓▓ \▓▓▓▓▓▓  \▓▓▓▓▓▓ \▓▓   \▓▓\▓▓▓▓▓▓▓  \▓▓▓▓▓▓ \▓▓ \▓▓▓▓▓▓▓


2023-01-30 10:45:18 I/main: Backend: version 2.13.4, built on 2023-01-21 21:19:40.
2023-01-30 10:45:18 I/main: Frontend Terminal: version 2.13.4, provided by Mamoe Technologies
2023-01-30 10:45:18 I/main: Welcome to visit https://mirai.mamoe.net/
2023-01-30 10:45:18 W/stderr: SLF4J: Failed to load class "org.slf4j.impl.StaticLoggerBinder".
2023-01-30 10:45:18 W/stderr: SLF4J: Defaulting to no-operation (NOP) logger implementation
2023-01-30 10:45:18 W/stderr: SLF4J: See http://www.slf4j.org/codes.html#StaticLoggerBinder for further details.
2023-01-30 10:45:18 I/plugin: Successfully loaded plugin given.PhigrosBot v0.0.1
2023-01-30 10:45:19 I/main: Prepared built-in commands: autoLogin, help, login, logout, permission, status, stop
2023-01-30 10:45:19 E/given.PhigrosBot: 启动
2023-01-30 10:45:19 I/main: 1 plugin(s) enabled.
2023-01-30 10:45:19 I/main: mirai-console started successfully.
2023-01-30 10:45:32 E/given.PhigrosBot: 命令
2023-01-30 10:45:35 I/stdout: Created
2023-01-30 10:45:35 I/stdout: {"bucket":"rAK3Ffdi","createdAt":"2023-01-30T02:45:35.390Z","key":"gamesaves/omgeXkgVdEe5h8IjlI2v4cg1NHCClQmq/.save","mime_type":"application/octet-stream","name":".save","objectId":"63d72f4faa69c2bf97fd5cf4","provider":"qiniu","token":"bOJAZVDET_Z11xes0ufp39ao_Tie7mrGqecKRkUf:rDfjORZx8Se8vxDrDxXQaAzGOD0=:eyJzY29wZSI6InJBSzNGZmRpOmdhbWVzYXZlcy9vbWdlWGtnVmRFZTVoOElqbEkydjRjZzFOSENDbFFtcS8uc2F2ZSIsImRlYWRsaW5lIjoxNjc1MDUwMzM1LCJpbnNlcnRPbmx5IjoxfQ==","upload_url":"https://upload.qiniup.com","url":"https://rak3ffdi.tds1.tapfiles.cn/gamesaves/omgeXkgVdEe5h8IjlI2v4cg1NHCClQmq/.save"}
2023-01-30 11:02:22 W/console: Closing input service...
2023-01-30 11:02:25 I/main: Starting mirai-console...
2023-01-30 11:02:25 I/main: 

==================================[ Mirai consosle 2.13.4 ]===================================
 __       __ __                   __  ______                                      __
|  \     /  \  \                 |  \/      \                                    |  \
| ▓▓\   /  ▓▓\▓▓ ______   ______  \▓▓  ▓▓▓▓▓▓\ ______  _______   _______  ______ | ▓▓ ______
| ▓▓▓\ /  ▓▓▓  \/      \ |      \|  \ ▓▓   \▓▓/      \|       \ /       \/      \| ▓▓/      \
| ▓▓▓▓\  ▓▓▓▓ ▓▓  ▓▓▓▓▓▓\ \▓▓▓▓▓▓\ ▓▓ ▓▓     |  ▓▓▓▓▓▓\ ▓▓▓▓▓▓▓\  ▓▓▓▓▓▓▓  ▓▓▓▓▓▓\ ▓▓  ▓▓▓▓▓▓\
| ▓▓\▓▓ ▓▓ ▓▓ ▓▓ ▓▓   \▓▓/      ▓▓ ▓▓ ▓▓   __| ▓▓  | ▓▓ ▓▓  | ▓▓\▓▓    \| ▓▓  | ▓▓ ▓▓ ▓▓    ▓▓
| ▓▓ \▓▓▓| ▓▓ ▓▓ ▓▓     |  ▓▓▓▓▓▓▓ ▓▓ ▓▓__/  \ ▓▓__/ ▓▓ ▓▓  | ▓▓_\▓▓▓▓▓▓\ ▓▓__/ ▓▓ ▓▓ ▓▓▓▓▓▓▓▓
| ▓▓  \▓ | ▓▓ ▓▓ ▓▓      \▓▓    ▓▓ ▓▓\▓▓    ▓▓\▓▓    ▓▓ ▓▓  | ▓▓       ▓▓\▓▓    ▓▓ ▓▓\▓▓     \
 \▓▓      \▓▓\▓▓\▓▓       \▓▓▓▓▓▓▓\▓▓ \▓▓▓▓▓▓  \▓▓▓▓▓▓ \▓▓   \▓▓\▓▓▓▓▓▓▓  \▓▓▓▓▓▓ \▓▓ \▓▓▓▓▓▓▓


2023-01-30 11:02:25 I/main: Backend: version 2.13.4, built on 2023-01-21 21:19:40.
2023-01-30 11:02:25 I/main: Frontend Terminal: version 2.13.4, provided by Mamoe Technologies
2023-01-30 11:02:25 I/main: Welcome to visit https://mirai.mamoe.net/
2023-01-30 11:02:26 W/stderr: SLF4J: Failed to load class "org.slf4j.impl.StaticLoggerBinder".
2023-01-30 11:02:26 W/stderr: SLF4J: Defaulting to no-operation (NOP) logger implementation
2023-01-30 11:02:26 W/stderr: SLF4J: See http://www.slf4j.org/codes.html#StaticLoggerBinder for further details.
2023-01-30 11:02:26 I/plugin: Successfully loaded plugin given.PhigrosBot v0.0.1
2023-01-30 11:02:26 I/main: Prepared built-in commands: autoLogin, help, login, logout, permission, status, stop
2023-01-30 11:02:26 E/given.PhigrosBot: 启动
2023-01-30 11:02:26 I/main: 1 plugin(s) enabled.
2023-01-30 11:02:26 I/main: mirai-console started successfully.
2023-01-30 11:02:44 E/given.PhigrosBot: 命令
2023-01-30 11:02:49 W/stderr: java.io.IOException: Server returned HTTP response code: 401 for URL: https://upload.qiniup.com/buckets/rAK3Ffdi/objects/Z2FtZXNhdmVzL1ZCTWhKQXlaRnFDMmhrWHdnSUd1SmpEaGdFUkpSZFhpLy5zYXZl/uploads
2023-01-30 11:02:49 W/stderr: 	at java.base/sun.net.www.protocol.http.HttpURLConnection.getInputStream0(HttpURLConnection.java:1924)
2023-01-30 11:02:49 W/stderr: 	at java.base/sun.net.www.protocol.http.HttpURLConnection.getInputStream(HttpURLConnection.java:1520)
2023-01-30 11:02:49 W/stderr: 	at java.base/sun.net.www.protocol.https.HttpsURLConnectionImpl.getInputStream(HttpsURLConnectionImpl.java:250)
2023-01-30 11:02:49 W/stderr: 	at PhigrosBot-dev.mirai2.jar//SaveManagement.uploadZip(SaveManagement.java:141)
2023-01-30 11:02:49 W/stderr: 	at PhigrosBot-dev.mirai2.jar//MyCommand.onCommand(MyCommand.java:132)
2023-01-30 11:02:49 W/stderr: 	at net.mamoe.mirai.console.command.java.JRawCommand.onCommand(JRawCommand.kt:121)
2023-01-30 11:02:49 W/stderr: 	at net.mamoe.mirai.console.command.java.JRawCommand$overloads$1$invokeSuspend$$inlined$runBIO$1.invoke(CoroutineUtils.kt:23)
2023-01-30 11:02:49 W/stderr: 	at kotlinx.coroutines.InterruptibleKt.runInterruptibleInExpectedContext(Interruptible.kt:51)
2023-01-30 11:02:49 W/stderr: 	at kotlinx.coroutines.InterruptibleKt.access$runInterruptibleInExpectedContext(Interruptible.kt:1)
2023-01-30 11:02:49 W/stderr: 	at kotlinx.coroutines.InterruptibleKt$runInterruptible$2.invokeSuspend(Interruptible.kt:43)
2023-01-30 11:02:49 W/stderr: 	at kotlin.coroutines.jvm.internal.BaseContinuationImpl.resumeWith(ContinuationImpl.kt:33)
2023-01-30 11:02:49 W/stderr: 	at kotlinx.coroutines.DispatchedTask.run(DispatchedTask.kt:106)
2023-01-30 11:02:49 W/stderr: 	at kotlinx.coroutines.internal.LimitedDispatcher.run(LimitedDispatcher.kt:42)
2023-01-30 11:02:49 W/stderr: 	at kotlinx.coroutines.scheduling.TaskImpl.run(Tasks.kt:95)
2023-01-30 11:02:49 W/stderr: 	at kotlinx.coroutines.scheduling.CoroutineScheduler.runSafely(CoroutineScheduler.kt:570)
2023-01-30 11:02:49 W/stderr: 	at kotlinx.coroutines.scheduling.CoroutineScheduler$Worker.executeTask(CoroutineScheduler.kt:750)
2023-01-30 11:02:49 W/stderr: 	at kotlinx.coroutines.scheduling.CoroutineScheduler$Worker.runWorker(CoroutineScheduler.kt:677)
2023-01-30 11:02:49 W/stderr: 	at kotlinx.coroutines.scheduling.CoroutineScheduler$Worker.run(CoroutineScheduler.kt:664)
2023-01-30 11:04:01 W/console: Closing input service...
2023-01-30 11:04:03 I/main: Starting mirai-console...
2023-01-30 11:04:04 I/main: 

==================================[ Mirai consosle 2.13.4 ]===================================
 __       __ __                   __  ______                                      __
|  \     /  \  \                 |  \/      \                                    |  \
| ▓▓\   /  ▓▓\▓▓ ______   ______  \▓▓  ▓▓▓▓▓▓\ ______  _______   _______  ______ | ▓▓ ______
| ▓▓▓\ /  ▓▓▓  \/      \ |      \|  \ ▓▓   \▓▓/      \|       \ /       \/      \| ▓▓/      \
| ▓▓▓▓\  ▓▓▓▓ ▓▓  ▓▓▓▓▓▓\ \▓▓▓▓▓▓\ ▓▓ ▓▓     |  ▓▓▓▓▓▓\ ▓▓▓▓▓▓▓\  ▓▓▓▓▓▓▓  ▓▓▓▓▓▓\ ▓▓  ▓▓▓▓▓▓\
| ▓▓\▓▓ ▓▓ ▓▓ ▓▓ ▓▓   \▓▓/      ▓▓ ▓▓ ▓▓   __| ▓▓  | ▓▓ ▓▓  | ▓▓\▓▓    \| ▓▓  | ▓▓ ▓▓ ▓▓    ▓▓
| ▓▓ \▓▓▓| ▓▓ ▓▓ ▓▓     |  ▓▓▓▓▓▓▓ ▓▓ ▓▓__/  \ ▓▓__/ ▓▓ ▓▓  | ▓▓_\▓▓▓▓▓▓\ ▓▓__/ ▓▓ ▓▓ ▓▓▓▓▓▓▓▓
| ▓▓  \▓ | ▓▓ ▓▓ ▓▓      \▓▓    ▓▓ ▓▓\▓▓    ▓▓\▓▓    ▓▓ ▓▓  | ▓▓       ▓▓\▓▓    ▓▓ ▓▓\▓▓     \
 \▓▓      \▓▓\▓▓\▓▓       \▓▓▓▓▓▓▓\▓▓ \▓▓▓▓▓▓  \▓▓▓▓▓▓ \▓▓   \▓▓\▓▓▓▓▓▓▓  \▓▓▓▓▓▓ \▓▓ \▓▓▓▓▓▓▓


2023-01-30 11:04:04 I/main: Backend: version 2.13.4, built on 2023-01-21 21:19:40.
2023-01-30 11:04:04 I/main: Frontend Terminal: version 2.13.4, provided by Mamoe Technologies
2023-01-30 11:04:04 I/main: Welcome to visit https://mirai.mamoe.net/
2023-01-30 11:04:04 W/stderr: SLF4J: Failed to load class "org.slf4j.impl.StaticLoggerBinder".
2023-01-30 11:04:04 W/stderr: SLF4J: Defaulting to no-operation (NOP) logger implementation
2023-01-30 11:04:04 W/stderr: SLF4J: See http://www.slf4j.org/codes.html#StaticLoggerBinder for further details.
2023-01-30 11:04:04 I/plugin: Successfully loaded plugin given.PhigrosBot v0.0.1
2023-01-30 11:04:04 I/main: Prepared built-in commands: autoLogin, help, login, logout, permission, status, stop
2023-01-30 11:04:04 E/given.PhigrosBot: 启动
2023-01-30 11:04:04 I/main: 1 plugin(s) enabled.
2023-01-30 11:04:04 I/main: mirai-console started successfully.
2023-01-30 11:04:07 E/given.PhigrosBot: 命令
2023-01-30 11:04:12 I/stdout: Z2FtZXNhdmVzL0tXMkhkNjR0bENPUWM4THJMQVE5WndlYlkzbDMzajBTLy5zYXZl
2023-01-30 11:04:12 I/stdout: UpToken bOJAZVDET
2023-01-30 11:04:12 W/stderr: java.io.IOException: Server returned HTTP response code: 401 for URL: https://upload.qiniup.com/buckets/rAK3Ffdi/objects/Z2FtZXNhdmVzL0tXMkhkNjR0bENPUWM4THJMQVE5WndlYlkzbDMzajBTLy5zYXZl/uploads
2023-01-30 11:04:12 W/stderr: 	at java.base/sun.net.www.protocol.http.HttpURLConnection.getInputStream0(HttpURLConnection.java:1924)
2023-01-30 11:04:12 W/stderr: 	at java.base/sun.net.www.protocol.http.HttpURLConnection.getInputStream(HttpURLConnection.java:1520)
2023-01-30 11:04:12 W/stderr: 	at java.base/sun.net.www.protocol.https.HttpsURLConnectionImpl.getInputStream(HttpsURLConnectionImpl.java:250)
2023-01-30 11:04:12 W/stderr: 	at PhigrosBot-dev.mirai2.jar//SaveManagement.uploadZip(SaveManagement.java:143)
2023-01-30 11:04:12 W/stderr: 	at PhigrosBot-dev.mirai2.jar//MyCommand.onCommand(MyCommand.java:132)
2023-01-30 11:04:12 W/stderr: 	at net.mamoe.mirai.console.command.java.JRawCommand.onCommand(JRawCommand.kt:121)
2023-01-30 11:04:12 W/stderr: 	at net.mamoe.mirai.console.command.java.JRawCommand$overloads$1$invokeSuspend$$inlined$runBIO$1.invoke(CoroutineUtils.kt:23)
2023-01-30 11:04:12 W/stderr: 	at kotlinx.coroutines.InterruptibleKt.runInterruptibleInExpectedContext(Interruptible.kt:51)
2023-01-30 11:04:12 W/stderr: 	at kotlinx.coroutines.InterruptibleKt.access$runInterruptibleInExpectedContext(Interruptible.kt:1)
2023-01-30 11:04:12 W/stderr: 	at kotlinx.coroutines.InterruptibleKt$runInterruptible$2.invokeSuspend(Interruptible.kt:43)
2023-01-30 11:04:12 W/stderr: 	at kotlin.coroutines.jvm.internal.BaseContinuationImpl.resumeWith(ContinuationImpl.kt:33)
2023-01-30 11:04:12 W/stderr: 	at kotlinx.coroutines.DispatchedTask.run(DispatchedTask.kt:106)
2023-01-30 11:04:12 W/stderr: 	at kotlinx.coroutines.internal.LimitedDispatcher.run(LimitedDispatcher.kt:42)
2023-01-30 11:04:12 W/stderr: 	at kotlinx.coroutines.scheduling.TaskImpl.run(Tasks.kt:95)
2023-01-30 11:04:12 W/stderr: 	at kotlinx.coroutines.scheduling.CoroutineScheduler.runSafely(CoroutineScheduler.kt:570)
2023-01-30 11:04:12 W/stderr: 	at kotlinx.coroutines.scheduling.CoroutineScheduler$Worker.executeTask(CoroutineScheduler.kt:750)
2023-01-30 11:04:12 W/stderr: 	at kotlinx.coroutines.scheduling.CoroutineScheduler$Worker.runWorker(CoroutineScheduler.kt:677)
2023-01-30 11:04:12 W/stderr: 	at kotlinx.coroutines.scheduling.CoroutineScheduler$Worker.run(CoroutineScheduler.kt:664)
2023-01-30 11:05:00 W/console: Closing input service...
2023-01-30 11:05:03 I/main: Starting mirai-console...
2023-01-30 11:05:03 I/main: 

==================================[ Mirai consosle 2.13.4 ]===================================
 __       __ __                   __  ______                                      __
|  \     /  \  \                 |  \/      \                                    |  \
| ▓▓\   /  ▓▓\▓▓ ______   ______  \▓▓  ▓▓▓▓▓▓\ ______  _______   _______  ______ | ▓▓ ______
| ▓▓▓\ /  ▓▓▓  \/      \ |      \|  \ ▓▓   \▓▓/      \|       \ /       \/      \| ▓▓/      \
| ▓▓▓▓\  ▓▓▓▓ ▓▓  ▓▓▓▓▓▓\ \▓▓▓▓▓▓\ ▓▓ ▓▓     |  ▓▓▓▓▓▓\ ▓▓▓▓▓▓▓\  ▓▓▓▓▓▓▓  ▓▓▓▓▓▓\ ▓▓  ▓▓▓▓▓▓\
| ▓▓\▓▓ ▓▓ ▓▓ ▓▓ ▓▓   \▓▓/      ▓▓ ▓▓ ▓▓   __| ▓▓  | ▓▓ ▓▓  | ▓▓\▓▓    \| ▓▓  | ▓▓ ▓▓ ▓▓    ▓▓
| ▓▓ \▓▓▓| ▓▓ ▓▓ ▓▓     |  ▓▓▓▓▓▓▓ ▓▓ ▓▓__/  \ ▓▓__/ ▓▓ ▓▓  | ▓▓_\▓▓▓▓▓▓\ ▓▓__/ ▓▓ ▓▓ ▓▓▓▓▓▓▓▓
| ▓▓  \▓ | ▓▓ ▓▓ ▓▓      \▓▓    ▓▓ ▓▓\▓▓    ▓▓\▓▓    ▓▓ ▓▓  | ▓▓       ▓▓\▓▓    ▓▓ ▓▓\▓▓     \
 \▓▓      \▓▓\▓▓\▓▓       \▓▓▓▓▓▓▓\▓▓ \▓▓▓▓▓▓  \▓▓▓▓▓▓ \▓▓   \▓▓\▓▓▓▓▓▓▓  \▓▓▓▓▓▓ \▓▓ \▓▓▓▓▓▓▓


2023-01-30 11:05:03 I/main: Backend: version 2.13.4, built on 2023-01-21 21:19:40.
2023-01-30 11:05:03 I/main: Frontend Terminal: version 2.13.4, provided by Mamoe Technologies
2023-01-30 11:05:03 I/main: Welcome to visit https://mirai.mamoe.net/
2023-01-30 11:05:03 W/stderr: SLF4J: Failed to load class "org.slf4j.impl.StaticLoggerBinder".
2023-01-30 11:05:03 W/stderr: SLF4J: Defaulting to no-operation (NOP) logger implementation
2023-01-30 11:05:03 W/stderr: SLF4J: See http://www.slf4j.org/codes.html#StaticLoggerBinder for further details.
2023-01-30 11:05:04 I/plugin: Successfully loaded plugin given.PhigrosBot v0.0.1
2023-01-30 11:05:04 I/main: Prepared built-in commands: autoLogin, help, login, logout, permission, status, stop
2023-01-30 11:05:04 E/given.PhigrosBot: 启动
2023-01-30 11:05:04 I/main: 1 plugin(s) enabled.
2023-01-30 11:05:04 I/main: mirai-console started successfully.
2023-01-30 11:05:07 E/given.PhigrosBot: 命令
2023-01-30 11:05:12 I/stdout: {"bucket":"rAK3Ffdi","createdAt":"2023-01-30T03:05:12.712Z","key":"gamesaves/S9Ppl8UfxOIJhMyiLTDiyBO5ScdGstjG/.save","mime_type":"application/octet-stream","name":".save","objectId":"63d733e8ee61328220854576","provider":"qiniu","token":"bOJAZVDET_Z11xes0ufp39ao_Tie7mrGqecKRkUf:IBeYpS0lb-05fYPmcJO-Kc0m2VA=:eyJzY29wZSI6InJBSzNGZmRpOmdhbWVzYXZlcy9TOVBwbDhVZnhPSUpoTXlpTFREaXlCTzVTY2RHc3RqRy8uc2F2ZSIsImRlYWRsaW5lIjoxNjc1MDUxNTEyLCJpbnNlcnRPbmx5IjoxfQ==","upload_url":"https://upload.qiniup.com","url":"https://rak3ffdi.tds1.tapfiles.cn/gamesaves/S9Ppl8UfxOIJhMyiLTDiyBO5ScdGstjG/.save"}
2023-01-30 11:05:12 I/stdout: Z2FtZXNhdmVzL1M5UHBsOFVmeE9JSmhNeWlMVERpeUJPNVNjZEdzdGpHLy5zYXZl
2023-01-30 11:05:12 I/stdout: UpToken bOJAZVDET
2023-01-30 11:05:13 W/stderr: java.io.IOException: Server returned HTTP response code: 401 for URL: https://upload.qiniup.com/buckets/rAK3Ffdi/objects/Z2FtZXNhdmVzL1M5UHBsOFVmeE9JSmhNeWlMVERpeUJPNVNjZEdzdGpHLy5zYXZl/uploads
2023-01-30 11:05:13 W/stderr: 	at java.base/sun.net.www.protocol.http.HttpURLConnection.getInputStream0(HttpURLConnection.java:1924)
2023-01-30 11:05:13 W/stderr: 	at java.base/sun.net.www.protocol.http.HttpURLConnection.getInputStream(HttpURLConnection.java:1520)
2023-01-30 11:05:13 W/stderr: 	at java.base/sun.net.www.protocol.https.HttpsURLConnectionImpl.getInputStream(HttpsURLConnectionImpl.java:250)
2023-01-30 11:05:13 W/stderr: 	at PhigrosBot-dev.mirai2.jar//SaveManagement.uploadZip(SaveManagement.java:144)
2023-01-30 11:05:13 W/stderr: 	at PhigrosBot-dev.mirai2.jar//MyCommand.onCommand(MyCommand.java:132)
2023-01-30 11:05:13 W/stderr: 	at net.mamoe.mirai.console.command.java.JRawCommand.onCommand(JRawCommand.kt:121)
2023-01-30 11:05:13 W/stderr: 	at net.mamoe.mirai.console.command.java.JRawCommand$overloads$1$invokeSuspend$$inlined$runBIO$1.invoke(CoroutineUtils.kt:23)
2023-01-30 11:05:13 W/stderr: 	at kotlinx.coroutines.InterruptibleKt.runInterruptibleInExpectedContext(Interruptible.kt:51)
2023-01-30 11:05:13 W/stderr: 	at kotlinx.coroutines.InterruptibleKt.access$runInterruptibleInExpectedContext(Interruptible.kt:1)
2023-01-30 11:05:13 W/stderr: 	at kotlinx.coroutines.InterruptibleKt$runInterruptible$2.invokeSuspend(Interruptible.kt:43)
2023-01-30 11:05:13 W/stderr: 	at kotlin.coroutines.jvm.internal.BaseContinuationImpl.resumeWith(ContinuationImpl.kt:33)
2023-01-30 11:05:13 W/stderr: 	at kotlinx.coroutines.DispatchedTask.run(DispatchedTask.kt:106)
2023-01-30 11:05:13 W/stderr: 	at kotlinx.coroutines.internal.LimitedDispatcher.run(LimitedDispatcher.kt:42)
2023-01-30 11:05:13 W/stderr: 	at kotlinx.coroutines.scheduling.TaskImpl.run(Tasks.kt:95)
2023-01-30 11:05:13 W/stderr: 	at kotlinx.coroutines.scheduling.CoroutineScheduler.runSafely(CoroutineScheduler.kt:570)
2023-01-30 11:05:13 W/stderr: 	at kotlinx.coroutines.scheduling.CoroutineScheduler$Worker.executeTask(CoroutineScheduler.kt:750)
2023-01-30 11:05:13 W/stderr: 	at kotlinx.coroutines.scheduling.CoroutineScheduler$Worker.runWorker(CoroutineScheduler.kt:677)
2023-01-30 11:05:13 W/stderr: 	at kotlinx.coroutines.scheduling.CoroutineScheduler$Worker.run(CoroutineScheduler.kt:664)
2023-01-30 11:06:07 W/console: Closing input service...
2023-01-30 11:06:09 I/main: Starting mirai-console...
2023-01-30 11:06:09 I/main: 

==================================[ Mirai consosle 2.13.4 ]===================================
 __       __ __                   __  ______                                      __
|  \     /  \  \                 |  \/      \                                    |  \
| ▓▓\   /  ▓▓\▓▓ ______   ______  \▓▓  ▓▓▓▓▓▓\ ______  _______   _______  ______ | ▓▓ ______
| ▓▓▓\ /  ▓▓▓  \/      \ |      \|  \ ▓▓   \▓▓/      \|       \ /       \/      \| ▓▓/      \
| ▓▓▓▓\  ▓▓▓▓ ▓▓  ▓▓▓▓▓▓\ \▓▓▓▓▓▓\ ▓▓ ▓▓     |  ▓▓▓▓▓▓\ ▓▓▓▓▓▓▓\  ▓▓▓▓▓▓▓  ▓▓▓▓▓▓\ ▓▓  ▓▓▓▓▓▓\
| ▓▓\▓▓ ▓▓ ▓▓ ▓▓ ▓▓   \▓▓/      ▓▓ ▓▓ ▓▓   __| ▓▓  | ▓▓ ▓▓  | ▓▓\▓▓    \| ▓▓  | ▓▓ ▓▓ ▓▓    ▓▓
| ▓▓ \▓▓▓| ▓▓ ▓▓ ▓▓     |  ▓▓▓▓▓▓▓ ▓▓ ▓▓__/  \ ▓▓__/ ▓▓ ▓▓  | ▓▓_\▓▓▓▓▓▓\ ▓▓__/ ▓▓ ▓▓ ▓▓▓▓▓▓▓▓
| ▓▓  \▓ | ▓▓ ▓▓ ▓▓      \▓▓    ▓▓ ▓▓\▓▓    ▓▓\▓▓    ▓▓ ▓▓  | ▓▓       ▓▓\▓▓    ▓▓ ▓▓\▓▓     \
 \▓▓      \▓▓\▓▓\▓▓       \▓▓▓▓▓▓▓\▓▓ \▓▓▓▓▓▓  \▓▓▓▓▓▓ \▓▓   \▓▓\▓▓▓▓▓▓▓  \▓▓▓▓▓▓ \▓▓ \▓▓▓▓▓▓▓


2023-01-30 11:06:09 I/main: Backend: version 2.13.4, built on 2023-01-21 21:19:40.
2023-01-30 11:06:09 I/main: Frontend Terminal: version 2.13.4, provided by Mamoe Technologies
2023-01-30 11:06:09 I/main: Welcome to visit https://mirai.mamoe.net/
2023-01-30 11:06:10 W/stderr: SLF4J: Failed to load class "org.slf4j.impl.StaticLoggerBinder".
2023-01-30 11:06:10 W/stderr: SLF4J: Defaulting to no-operation (NOP) logger implementation
2023-01-30 11:06:10 W/stderr: SLF4J: See http://www.slf4j.org/codes.html#StaticLoggerBinder for further details.
2023-01-30 11:06:10 I/plugin: Successfully loaded plugin given.PhigrosBot v0.0.1
2023-01-30 11:06:10 I/main: Prepared built-in commands: autoLogin, help, login, logout, permission, status, stop
2023-01-30 11:06:10 E/given.PhigrosBot: 启动
2023-01-30 11:06:10 I/main: 1 plugin(s) enabled.
2023-01-30 11:06:10 I/main: mirai-console started successfully.
2023-01-30 11:06:13 E/given.PhigrosBot: 命令
2023-01-30 11:06:18 I/stdout: {"bucket":"rAK3Ffdi","createdAt":"2023-01-30T03:06:18.305Z","key":"gamesaves/HCQz4mxpO55dteOHw4BMP564ECYeeXhH/.save","mime_type":"application/octet-stream","name":".save","objectId":"63d7342aaa69c2bf97fd72c0","provider":"qiniu","token":"bOJAZVDET_Z11xes0ufp39ao_Tie7mrGqecKRkUf:EU2nWy1l_AFm-gxW-4ltzSwzzPs=:eyJzY29wZSI6InJBSzNGZmRpOmdhbWVzYXZlcy9IQ1F6NG14cE81NWR0ZU9IdzRCTVA1NjRFQ1llZVhoSC8uc2F2ZSIsImRlYWRsaW5lIjoxNjc1MDUxNTc4LCJpbnNlcnRPbmx5IjoxfQ==","upload_url":"https://upload.qiniup.com","url":"https://rak3ffdi.tds1.tapfiles.cn/gamesaves/HCQz4mxpO55dteOHw4BMP564ECYeeXhH/.save"}
2023-01-30 11:06:18 I/stdout: Z2FtZXNhdmVzL0hDUXo0bXhwTzU1ZHRlT0h3NEJNUDU2NEVDWWVlWGhILy5zYXZl
2023-01-30 11:06:18 I/stdout: UpToken bOJAZVDET_Z11xes0ufp39ao_Tie7mrGqecKRkUf:EU2nWy1l_AFm
2023-01-30 11:06:18 W/stderr: java.io.IOException: Server returned HTTP response code: 401 for URL: https://upload.qiniup.com/buckets/rAK3Ffdi/objects/Z2FtZXNhdmVzL0hDUXo0bXhwTzU1ZHRlT0h3NEJNUDU2NEVDWWVlWGhILy5zYXZl/uploads
2023-01-30 11:06:18 W/stderr: 	at java.base/sun.net.www.protocol.http.HttpURLConnection.getInputStream0(HttpURLConnection.java:1924)
2023-01-30 11:06:18 W/stderr: 	at java.base/sun.net.www.protocol.http.HttpURLConnection.getInputStream(HttpURLConnection.java:1520)
2023-01-30 11:06:18 W/stderr: 	at java.base/sun.net.www.protocol.https.HttpsURLConnectionImpl.getInputStream(HttpsURLConnectionImpl.java:250)
2023-01-30 11:06:18 W/stderr: 	at PhigrosBot-dev.mirai2.jar//SaveManagement.uploadZip(SaveManagement.java:144)
2023-01-30 11:06:18 W/stderr: 	at PhigrosBot-dev.mirai2.jar//MyCommand.onCommand(MyCommand.java:132)
2023-01-30 11:06:18 W/stderr: 	at net.mamoe.mirai.console.command.java.JRawCommand.onCommand(JRawCommand.kt:121)
2023-01-30 11:06:18 W/stderr: 	at net.mamoe.mirai.console.command.java.JRawCommand$overloads$1$invokeSuspend$$inlined$runBIO$1.invoke(CoroutineUtils.kt:23)
2023-01-30 11:06:18 W/stderr: 	at kotlinx.coroutines.InterruptibleKt.runInterruptibleInExpectedContext(Interruptible.kt:51)
2023-01-30 11:06:18 W/stderr: 	at kotlinx.coroutines.InterruptibleKt.access$runInterruptibleInExpectedContext(Interruptible.kt:1)
2023-01-30 11:06:18 W/stderr: 	at kotlinx.coroutines.InterruptibleKt$runInterruptible$2.invokeSuspend(Interruptible.kt:43)
2023-01-30 11:06:18 W/stderr: 	at kotlin.coroutines.jvm.internal.BaseContinuationImpl.resumeWith(ContinuationImpl.kt:33)
2023-01-30 11:06:18 W/stderr: 	at kotlinx.coroutines.DispatchedTask.run(DispatchedTask.kt:106)
2023-01-30 11:06:18 W/stderr: 	at kotlinx.coroutines.internal.LimitedDispatcher.run(LimitedDispatcher.kt:42)
2023-01-30 11:06:18 W/stderr: 	at kotlinx.coroutines.scheduling.TaskImpl.run(Tasks.kt:95)
2023-01-30 11:06:18 W/stderr: 	at kotlinx.coroutines.scheduling.CoroutineScheduler.runSafely(CoroutineScheduler.kt:570)
2023-01-30 11:06:18 W/stderr: 	at kotlinx.coroutines.scheduling.CoroutineScheduler$Worker.executeTask(CoroutineScheduler.kt:750)
2023-01-30 11:06:18 W/stderr: 	at kotlinx.coroutines.scheduling.CoroutineScheduler$Worker.runWorker(CoroutineScheduler.kt:677)
2023-01-30 11:06:18 W/stderr: 	at kotlinx.coroutines.scheduling.CoroutineScheduler$Worker.run(CoroutineScheduler.kt:664)
2023-01-30 11:06:32 W/console: Closing input service...
2023-01-30 11:06:35 I/main: Starting mirai-console...
2023-01-30 11:06:35 I/main: 

==================================[ Mirai consosle 2.13.4 ]===================================
 __       __ __                   __  ______                                      __
|  \     /  \  \                 |  \/      \                                    |  \
| ▓▓\   /  ▓▓\▓▓ ______   ______  \▓▓  ▓▓▓▓▓▓\ ______  _______   _______  ______ | ▓▓ ______
| ▓▓▓\ /  ▓▓▓  \/      \ |      \|  \ ▓▓   \▓▓/      \|       \ /       \/      \| ▓▓/      \
| ▓▓▓▓\  ▓▓▓▓ ▓▓  ▓▓▓▓▓▓\ \▓▓▓▓▓▓\ ▓▓ ▓▓     |  ▓▓▓▓▓▓\ ▓▓▓▓▓▓▓\  ▓▓▓▓▓▓▓  ▓▓▓▓▓▓\ ▓▓  ▓▓▓▓▓▓\
| ▓▓\▓▓ ▓▓ ▓▓ ▓▓ ▓▓   \▓▓/      ▓▓ ▓▓ ▓▓   __| ▓▓  | ▓▓ ▓▓  | ▓▓\▓▓    \| ▓▓  | ▓▓ ▓▓ ▓▓    ▓▓
| ▓▓ \▓▓▓| ▓▓ ▓▓ ▓▓     |  ▓▓▓▓▓▓▓ ▓▓ ▓▓__/  \ ▓▓__/ ▓▓ ▓▓  | ▓▓_\▓▓▓▓▓▓\ ▓▓__/ ▓▓ ▓▓ ▓▓▓▓▓▓▓▓
| ▓▓  \▓ | ▓▓ ▓▓ ▓▓      \▓▓    ▓▓ ▓▓\▓▓    ▓▓\▓▓    ▓▓ ▓▓  | ▓▓       ▓▓\▓▓    ▓▓ ▓▓\▓▓     \
 \▓▓      \▓▓\▓▓\▓▓       \▓▓▓▓▓▓▓\▓▓ \▓▓▓▓▓▓  \▓▓▓▓▓▓ \▓▓   \▓▓\▓▓▓▓▓▓▓  \▓▓▓▓▓▓ \▓▓ \▓▓▓▓▓▓▓


2023-01-30 11:06:35 I/main: Backend: version 2.13.4, built on 2023-01-21 21:19:40.
2023-01-30 11:06:35 I/main: Frontend Terminal: version 2.13.4, provided by Mamoe Technologies
2023-01-30 11:06:35 I/main: Welcome to visit https://mirai.mamoe.net/
2023-01-30 11:06:35 W/stderr: SLF4J: Failed to load class "org.slf4j.impl.StaticLoggerBinder".
2023-01-30 11:06:35 W/stderr: SLF4J: Defaulting to no-operation (NOP) logger implementation
2023-01-30 11:06:35 W/stderr: SLF4J: See http://www.slf4j.org/codes.html#StaticLoggerBinder for further details.
2023-01-30 11:06:35 I/plugin: Successfully loaded plugin given.PhigrosBot v0.0.1
2023-01-30 11:06:35 I/main: Prepared built-in commands: autoLogin, help, login, logout, permission, status, stop
2023-01-30 11:06:35 E/given.PhigrosBot: 启动
2023-01-30 11:06:36 I/main: 1 plugin(s) enabled.
2023-01-30 11:06:36 I/main: mirai-console started successfully.
2023-01-30 11:06:40 E/given.PhigrosBot: 命令
2023-01-30 11:06:44 I/stdout: {"bucket":"rAK3Ffdi","createdAt":"2023-01-30T03:06:44.537Z","key":"gamesaves/BMY8JpNW32JyMWSkGKBdPZWSw8GGeKjl/.save","mime_type":"application/octet-stream","name":".save","objectId":"63d73444aa69c2bf97fd7351","provider":"qiniu","token":"bOJAZVDET_Z11xes0ufp39ao_Tie7mrGqecKRkUf:1fSsPyQL-N32vDBNrZiyJ3ke1Kk=:eyJzY29wZSI6InJBSzNGZmRpOmdhbWVzYXZlcy9CTVk4SnBOVzMySnlNV1NrR0tCZFBaV1N3OEdHZUtqbC8uc2F2ZSIsImRlYWRsaW5lIjoxNjc1MDUxNjA0LCJpbnNlcnRPbmx5IjoxfQ==","upload_url":"https://upload.qiniup.com","url":"https://rak3ffdi.tds1.tapfiles.cn/gamesaves/BMY8JpNW32JyMWSkGKBdPZWSw8GGeKjl/.save"}
2023-01-30 11:06:44 I/stdout: Z2FtZXNhdmVzL0JNWThKcE5XMzJKeU1XU2tHS0JkUFpXU3c4R0dlS2psLy5zYXZl
2023-01-30 11:06:44 I/stdout: UpToken bOJAZVDET_Z11xes0ufp39ao_Tie7mrGqecKRkUf:1fSsPyQL
2023-01-30 11:06:44 W/stderr: java.io.IOException: Server returned HTTP response code: 401 for URL: https://upload.qiniup.com/buckets/rAK3Ffdi/objects/Z2FtZXNhdmVzL0JNWThKcE5XMzJKeU1XU2tHS0JkUFpXU3c4R0dlS2psLy5zYXZl/uploads
2023-01-30 11:06:44 W/stderr: 	at java.base/sun.net.www.protocol.http.HttpURLConnection.getInputStream0(HttpURLConnection.java:1924)
2023-01-30 11:06:44 W/stderr: 	at java.base/sun.net.www.protocol.http.HttpURLConnection.getInputStream(HttpURLConnection.java:1520)
2023-01-30 11:06:44 W/stderr: 	at java.base/sun.net.www.protocol.https.HttpsURLConnectionImpl.getInputStream(HttpsURLConnectionImpl.java:250)
2023-01-30 11:06:44 W/stderr: 	at PhigrosBot-dev.mirai2.jar//SaveManagement.uploadZip(SaveManagement.java:144)
2023-01-30 11:06:44 W/stderr: 	at PhigrosBot-dev.mirai2.jar//MyCommand.onCommand(MyCommand.java:132)
2023-01-30 11:06:44 W/stderr: 	at net.mamoe.mirai.console.command.java.JRawCommand.onCommand(JRawCommand.kt:121)
2023-01-30 11:06:44 W/stderr: 	at net.mamoe.mirai.console.command.java.JRawCommand$overloads$1$invokeSuspend$$inlined$runBIO$1.invoke(CoroutineUtils.kt:23)
2023-01-30 11:06:44 W/stderr: 	at kotlinx.coroutines.InterruptibleKt.runInterruptibleInExpectedContext(Interruptible.kt:51)
2023-01-30 11:06:44 W/stderr: 	at kotlinx.coroutines.InterruptibleKt.access$runInterruptibleInExpectedContext(Interruptible.kt:1)
2023-01-30 11:06:44 W/stderr: 	at kotlinx.coroutines.InterruptibleKt$runInterruptible$2.invokeSuspend(Interruptible.kt:43)
2023-01-30 11:06:44 W/stderr: 	at kotlin.coroutines.jvm.internal.BaseContinuationImpl.resumeWith(ContinuationImpl.kt:33)
2023-01-30 11:06:44 W/stderr: 	at kotlinx.coroutines.DispatchedTask.run(DispatchedTask.kt:106)
2023-01-30 11:06:44 W/stderr: 	at kotlinx.coroutines.internal.LimitedDispatcher.run(LimitedDispatcher.kt:42)
2023-01-30 11:06:44 W/stderr: 	at kotlinx.coroutines.scheduling.TaskImpl.run(Tasks.kt:95)
2023-01-30 11:06:44 W/stderr: 	at kotlinx.coroutines.scheduling.CoroutineScheduler.runSafely(CoroutineScheduler.kt:570)
2023-01-30 11:06:44 W/stderr: 	at kotlinx.coroutines.scheduling.CoroutineScheduler$Worker.executeTask(CoroutineScheduler.kt:750)
2023-01-30 11:06:44 W/stderr: 	at kotlinx.coroutines.scheduling.CoroutineScheduler$Worker.runWorker(CoroutineScheduler.kt:677)
2023-01-30 11:06:44 W/stderr: 	at kotlinx.coroutines.scheduling.CoroutineScheduler$Worker.run(CoroutineScheduler.kt:664)
2023-01-30 11:07:44 W/console: Closing input service...
2023-01-30 11:07:46 I/main: Starting mirai-console...
2023-01-30 11:07:46 I/main: 

==================================[ Mirai consosle 2.13.4 ]===================================
 __       __ __                   __  ______                                      __
|  \     /  \  \                 |  \/      \                                    |  \
| ▓▓\   /  ▓▓\▓▓ ______   ______  \▓▓  ▓▓▓▓▓▓\ ______  _______   _______  ______ | ▓▓ ______
| ▓▓▓\ /  ▓▓▓  \/      \ |      \|  \ ▓▓   \▓▓/      \|       \ /       \/      \| ▓▓/      \
| ▓▓▓▓\  ▓▓▓▓ ▓▓  ▓▓▓▓▓▓\ \▓▓▓▓▓▓\ ▓▓ ▓▓     |  ▓▓▓▓▓▓\ ▓▓▓▓▓▓▓\  ▓▓▓▓▓▓▓  ▓▓▓▓▓▓\ ▓▓  ▓▓▓▓▓▓\
| ▓▓\▓▓ ▓▓ ▓▓ ▓▓ ▓▓   \▓▓/      ▓▓ ▓▓ ▓▓   __| ▓▓  | ▓▓ ▓▓  | ▓▓\▓▓    \| ▓▓  | ▓▓ ▓▓ ▓▓    ▓▓
| ▓▓ \▓▓▓| ▓▓ ▓▓ ▓▓     |  ▓▓▓▓▓▓▓ ▓▓ ▓▓__/  \ ▓▓__/ ▓▓ ▓▓  | ▓▓_\▓▓▓▓▓▓\ ▓▓__/ ▓▓ ▓▓ ▓▓▓▓▓▓▓▓
| ▓▓  \▓ | ▓▓ ▓▓ ▓▓      \▓▓    ▓▓ ▓▓\▓▓    ▓▓\▓▓    ▓▓ ▓▓  | ▓▓       ▓▓\▓▓    ▓▓ ▓▓\▓▓     \
 \▓▓      \▓▓\▓▓\▓▓       \▓▓▓▓▓▓▓\▓▓ \▓▓▓▓▓▓  \▓▓▓▓▓▓ \▓▓   \▓▓\▓▓▓▓▓▓▓  \▓▓▓▓▓▓ \▓▓ \▓▓▓▓▓▓▓


2023-01-30 11:07:46 I/main: Backend: version 2.13.4, built on 2023-01-21 21:19:40.
2023-01-30 11:07:46 I/main: Frontend Terminal: version 2.13.4, provided by Mamoe Technologies
2023-01-30 11:07:46 I/main: Welcome to visit https://mirai.mamoe.net/
2023-01-30 11:07:47 W/stderr: SLF4J: Failed to load class "org.slf4j.impl.StaticLoggerBinder".
2023-01-30 11:07:47 W/stderr: SLF4J: Defaulting to no-operation (NOP) logger implementation
2023-01-30 11:07:47 W/stderr: SLF4J: See http://www.slf4j.org/codes.html#StaticLoggerBinder for further details.
2023-01-30 11:07:47 I/plugin: Successfully loaded plugin given.PhigrosBot v0.0.1
2023-01-30 11:07:47 I/main: Prepared built-in commands: autoLogin, help, login, logout, permission, status, stop
2023-01-30 11:07:47 E/given.PhigrosBot: 启动
2023-01-30 11:07:47 I/main: 1 plugin(s) enabled.
2023-01-30 11:07:47 I/main: mirai-console started successfully.
2023-01-30 11:07:58 E/given.PhigrosBot: 命令
2023-01-30 11:08:03 I/stdout: {"bucket":"rAK3Ffdi","createdAt":"2023-01-30T03:08:03.318Z","key":"gamesaves/jyxWdMtAphsYhGyR6Mt3CVyJfnWKgATi/.save","mime_type":"application/octet-stream","name":".save","objectId":"63d73493aa69c2bf97fd74cb","provider":"qiniu","token":"bOJAZVDET_Z11xes0ufp39ao_Tie7mrGqecKRkUf:KM9B1sBv_8do04iCtVzkS4UUTqk=:eyJzY29wZSI6InJBSzNGZmRpOmdhbWVzYXZlcy9qeXhXZE10QXBoc1loR3lSNk10M0NWeUpmbldLZ0FUaS8uc2F2ZSIsImRlYWRsaW5lIjoxNjc1MDUxNjgzLCJpbnNlcnRPbmx5IjoxfQ==","upload_url":"https://upload.qiniup.com","url":"https://rak3ffdi.tds1.tapfiles.cn/gamesaves/jyxWdMtAphsYhGyR6Mt3CVyJfnWKgATi/.save"}
2023-01-30 11:08:03 I/stdout: Z2FtZXNhdmVzL2p5eFdkTXRBcGhzWWhHeVI2TXQzQ1Z5SmZuV0tnQVRpLy5zYXZl
2023-01-30 11:08:03 I/stdout: UpToken bOJAZVDET_Z11xes0ufp39ao_Tie7mrGqecKRkUf:KM9B1sBv_8do04iCtVzkS4UUTqk=:eyJzY29wZSI6InJBSzNGZmRpOmdhbWVzYXZlcy9qeXhXZE10QXBoc1loR3lSNk10M0NWeUpmbldLZ0FUaS8uc2F2ZSIsImRlYWRsaW5lIjoxNjc1MDUxNjgzLCJpbnNlcnRPbmx5IjoxfQ==
2023-01-30 11:08:19 W/console: Closing input service...
2023-01-30 11:08:22 I/main: Starting mirai-console...
2023-01-30 11:08:22 I/main: 

==================================[ Mirai consosle 2.13.4 ]===================================
 __       __ __                   __  ______                                      __
|  \     /  \  \                 |  \/      \                                    |  \
| ▓▓\   /  ▓▓\▓▓ ______   ______  \▓▓  ▓▓▓▓▓▓\ ______  _______   _______  ______ | ▓▓ ______
| ▓▓▓\ /  ▓▓▓  \/      \ |      \|  \ ▓▓   \▓▓/      \|       \ /       \/      \| ▓▓/      \
| ▓▓▓▓\  ▓▓▓▓ ▓▓  ▓▓▓▓▓▓\ \▓▓▓▓▓▓\ ▓▓ ▓▓     |  ▓▓▓▓▓▓\ ▓▓▓▓▓▓▓\  ▓▓▓▓▓▓▓  ▓▓▓▓▓▓\ ▓▓  ▓▓▓▓▓▓\
| ▓▓\▓▓ ▓▓ ▓▓ ▓▓ ▓▓   \▓▓/      ▓▓ ▓▓ ▓▓   __| ▓▓  | ▓▓ ▓▓  | ▓▓\▓▓    \| ▓▓  | ▓▓ ▓▓ ▓▓    ▓▓
| ▓▓ \▓▓▓| ▓▓ ▓▓ ▓▓     |  ▓▓▓▓▓▓▓ ▓▓ ▓▓__/  \ ▓▓__/ ▓▓ ▓▓  | ▓▓_\▓▓▓▓▓▓\ ▓▓__/ ▓▓ ▓▓ ▓▓▓▓▓▓▓▓
| ▓▓  \▓ | ▓▓ ▓▓ ▓▓      \▓▓    ▓▓ ▓▓\▓▓    ▓▓\▓▓    ▓▓ ▓▓  | ▓▓       ▓▓\▓▓    ▓▓ ▓▓\▓▓     \
 \▓▓      \▓▓\▓▓\▓▓       \▓▓▓▓▓▓▓\▓▓ \▓▓▓▓▓▓  \▓▓▓▓▓▓ \▓▓   \▓▓\▓▓▓▓▓▓▓  \▓▓▓▓▓▓ \▓▓ \▓▓▓▓▓▓▓


2023-01-30 11:08:22 I/main: Backend: version 2.13.4, built on 2023-01-21 21:19:40.
2023-01-30 11:08:22 I/main: Frontend Terminal: version 2.13.4, provided by Mamoe Technologies
2023-01-30 11:08:22 I/main: Welcome to visit https://mirai.mamoe.net/
2023-01-30 11:08:22 W/stderr: SLF4J: Failed to load class "org.slf4j.impl.StaticLoggerBinder".
2023-01-30 11:08:22 W/stderr: SLF4J: Defaulting to no-operation (NOP) logger implementation
2023-01-30 11:08:22 W/stderr: SLF4J: See http://www.slf4j.org/codes.html#StaticLoggerBinder for further details.
2023-01-30 11:08:23 I/plugin: Successfully loaded plugin given.PhigrosBot v0.0.1
2023-01-30 11:08:23 I/main: Prepared built-in commands: autoLogin, help, login, logout, permission, status, stop
2023-01-30 11:08:23 E/given.PhigrosBot: 启动
2023-01-30 11:08:23 I/main: 1 plugin(s) enabled.
2023-01-30 11:08:23 I/main: mirai-console started successfully.
2023-01-30 11:08:27 E/given.PhigrosBot: 命令
2023-01-30 11:08:32 I/stdout: {"bucket":"rAK3Ffdi","createdAt":"2023-01-30T03:08:32.673Z","key":"gamesaves/zxoPhlNpSlKJlVGpze6voL8lhdwVxiJc/.save","mime_type":"application/octet-stream","name":".save","objectId":"63d734b0ee61328220854955","provider":"qiniu","token":"bOJAZVDET_Z11xes0ufp39ao_Tie7mrGqecKRkUf:A0nw7K-2CjzdfSY523hU4-SoHGw=:eyJzY29wZSI6InJBSzNGZmRpOmdhbWVzYXZlcy96eG9QaGxOcFNsS0psVkdwemU2dm9MOGxoZHdWeGlKYy8uc2F2ZSIsImRlYWRsaW5lIjoxNjc1MDUxNzEyLCJpbnNlcnRPbmx5IjoxfQ==","upload_url":"https://upload.qiniup.com","url":"https://rak3ffdi.tds1.tapfiles.cn/gamesaves/zxoPhlNpSlKJlVGpze6voL8lhdwVxiJc/.save"}
2023-01-30 11:08:32 I/stdout: Z2FtZXNhdmVzL3p4b1BobE5wU2xLSmxWR3B6ZTZ2b0w4bGhkd1Z4aUpjLy5zYXZl
2023-01-30 11:08:32 I/stdout: UpToken bOJAZVDET_Z11xes0ufp39ao_Tie7mrGqecKRkUf:A0nw7K
2023-01-30 11:08:32 W/stderr: java.io.IOException: Server returned HTTP response code: 401 for URL: https://upload.qiniup.com/buckets/rAK3Ffdi/objects/Z2FtZXNhdmVzL3p4b1BobE5wU2xLSmxWR3B6ZTZ2b0w4bGhkd1Z4aUpjLy5zYXZl/uploads
2023-01-30 11:08:32 W/stderr: 	at java.base/sun.net.www.protocol.http.HttpURLConnection.getInputStream0(HttpURLConnection.java:1924)
2023-01-30 11:08:32 W/stderr: 	at java.base/sun.net.www.protocol.http.HttpURLConnection.getInputStream(HttpURLConnection.java:1520)
2023-01-30 11:08:32 W/stderr: 	at java.base/sun.net.www.protocol.https.HttpsURLConnectionImpl.getInputStream(HttpsURLConnectionImpl.java:250)
2023-01-30 11:08:32 W/stderr: 	at PhigrosBot-dev.mirai2.jar//SaveManagement.uploadZip(SaveManagement.java:144)
2023-01-30 11:08:32 W/stderr: 	at PhigrosBot-dev.mirai2.jar//MyCommand.onCommand(MyCommand.java:132)
2023-01-30 11:08:32 W/stderr: 	at net.mamoe.mirai.console.command.java.JRawCommand.onCommand(JRawCommand.kt:121)
2023-01-30 11:08:32 W/stderr: 	at net.mamoe.mirai.console.command.java.JRawCommand$overloads$1$invokeSuspend$$inlined$runBIO$1.invoke(CoroutineUtils.kt:23)
2023-01-30 11:08:32 W/stderr: 	at kotlinx.coroutines.InterruptibleKt.runInterruptibleInExpectedContext(Interruptible.kt:51)
2023-01-30 11:08:32 W/stderr: 	at kotlinx.coroutines.InterruptibleKt.access$runInterruptibleInExpectedContext(Interruptible.kt:1)
2023-01-30 11:08:32 W/stderr: 	at kotlinx.coroutines.InterruptibleKt$runInterruptible$2.invokeSuspend(Interruptible.kt:43)
2023-01-30 11:08:32 W/stderr: 	at kotlin.coroutines.jvm.internal.BaseContinuationImpl.resumeWith(ContinuationImpl.kt:33)
2023-01-30 11:08:32 W/stderr: 	at kotlinx.coroutines.DispatchedTask.run(DispatchedTask.kt:106)
2023-01-30 11:08:32 W/stderr: 	at kotlinx.coroutines.internal.LimitedDispatcher.run(LimitedDispatcher.kt:42)
2023-01-30 11:08:32 W/stderr: 	at kotlinx.coroutines.scheduling.TaskImpl.run(Tasks.kt:95)
2023-01-30 11:08:32 W/stderr: 	at kotlinx.coroutines.scheduling.CoroutineScheduler.runSafely(CoroutineScheduler.kt:570)
2023-01-30 11:08:32 W/stderr: 	at kotlinx.coroutines.scheduling.CoroutineScheduler$Worker.executeTask(CoroutineScheduler.kt:750)
2023-01-30 11:08:32 W/stderr: 	at kotlinx.coroutines.scheduling.CoroutineScheduler$Worker.runWorker(CoroutineScheduler.kt:677)
2023-01-30 11:08:32 W/stderr: 	at kotlinx.coroutines.scheduling.CoroutineScheduler$Worker.run(CoroutineScheduler.kt:664)
2023-01-30 11:09:27 W/console: Closing input service...
2023-01-30 11:09:29 I/main: Starting mirai-console...
2023-01-30 11:09:29 I/main: 

==================================[ Mirai consosle 2.13.4 ]===================================
 __       __ __                   __  ______                                      __
|  \     /  \  \                 |  \/      \                                    |  \
| ▓▓\   /  ▓▓\▓▓ ______   ______  \▓▓  ▓▓▓▓▓▓\ ______  _______   _______  ______ | ▓▓ ______
| ▓▓▓\ /  ▓▓▓  \/      \ |      \|  \ ▓▓   \▓▓/      \|       \ /       \/      \| ▓▓/      \
| ▓▓▓▓\  ▓▓▓▓ ▓▓  ▓▓▓▓▓▓\ \▓▓▓▓▓▓\ ▓▓ ▓▓     |  ▓▓▓▓▓▓\ ▓▓▓▓▓▓▓\  ▓▓▓▓▓▓▓  ▓▓▓▓▓▓\ ▓▓  ▓▓▓▓▓▓\
| ▓▓\▓▓ ▓▓ ▓▓ ▓▓ ▓▓   \▓▓/      ▓▓ ▓▓ ▓▓   __| ▓▓  | ▓▓ ▓▓  | ▓▓\▓▓    \| ▓▓  | ▓▓ ▓▓ ▓▓    ▓▓
| ▓▓ \▓▓▓| ▓▓ ▓▓ ▓▓     |  ▓▓▓▓▓▓▓ ▓▓ ▓▓__/  \ ▓▓__/ ▓▓ ▓▓  | ▓▓_\▓▓▓▓▓▓\ ▓▓__/ ▓▓ ▓▓ ▓▓▓▓▓▓▓▓
| ▓▓  \▓ | ▓▓ ▓▓ ▓▓      \▓▓    ▓▓ ▓▓\▓▓    ▓▓\▓▓    ▓▓ ▓▓  | ▓▓       ▓▓\▓▓    ▓▓ ▓▓\▓▓     \
 \▓▓      \▓▓\▓▓\▓▓       \▓▓▓▓▓▓▓\▓▓ \▓▓▓▓▓▓  \▓▓▓▓▓▓ \▓▓   \▓▓\▓▓▓▓▓▓▓  \▓▓▓▓▓▓ \▓▓ \▓▓▓▓▓▓▓


2023-01-30 11:09:29 I/main: Backend: version 2.13.4, built on 2023-01-21 21:19:40.
2023-01-30 11:09:29 I/main: Frontend Terminal: version 2.13.4, provided by Mamoe Technologies
2023-01-30 11:09:29 I/main: Welcome to visit https://mirai.mamoe.net/
2023-01-30 11:09:29 W/stderr: SLF4J: Failed to load class "org.slf4j.impl.StaticLoggerBinder".
2023-01-30 11:09:29 W/stderr: SLF4J: Defaulting to no-operation (NOP) logger implementation
2023-01-30 11:09:29 W/stderr: SLF4J: See http://www.slf4j.org/codes.html#StaticLoggerBinder for further details.
2023-01-30 11:09:30 I/plugin: Successfully loaded plugin given.PhigrosBot v0.0.1
2023-01-30 11:09:30 I/main: Prepared built-in commands: autoLogin, help, login, logout, permission, status, stop
2023-01-30 11:09:30 E/given.PhigrosBot: 启动
2023-01-30 11:09:30 I/main: 1 plugin(s) enabled.
2023-01-30 11:09:30 I/main: mirai-console started successfully.
2023-01-30 11:09:34 E/given.PhigrosBot: 命令
2023-01-30 11:09:39 I/stdout: {"bucket":"rAK3Ffdi","createdAt":"2023-01-30T03:09:39.481Z","key":"gamesaves/Z8dkwtfV2Eiwrs19R3PUAkz4mhY5SEgs/.save","mime_type":"application/octet-stream","name":".save","objectId":"63d734f3aa69c2bf97fd76b4","provider":"qiniu","token":"bOJAZVDET_Z11xes0ufp39ao_Tie7mrGqecKRkUf:TLIDOMOkXOojKzjZbQ0OQDgUYI8=:eyJzY29wZSI6InJBSzNGZmRpOmdhbWVzYXZlcy9aOGRrd3RmVjJFaXdyczE5UjNQVUFrejRtaFk1U0Vncy8uc2F2ZSIsImRlYWRsaW5lIjoxNjc1MDUxNzc5LCJpbnNlcnRPbmx5IjoxfQ==","upload_url":"https://upload.qiniup.com","url":"https://rak3ffdi.tds1.tapfiles.cn/gamesaves/Z8dkwtfV2Eiwrs19R3PUAkz4mhY5SEgs/.save"}
2023-01-30 11:09:39 I/stdout: Z2FtZXNhdmVzL1o4ZGt3dGZWMkVpd3JzMTlSM1BVQWt6NG1oWTVTRWdzLy5zYXZl
2023-01-30 11:09:39 I/stdout: UpToken bOJAZVDET_Z11xes0ufp39ao_Tie7mrGqecKRkUf:TLIDOMOkXOojKzjZbQ0OQDgUYI8=:eyJzY29wZSI6InJBSzNGZmRpOmdhbWVzYXZlcy9aOGRrd3RmVjJFaXdyczE5UjNQVUFrejRtaFk1U0Vncy8uc2F2ZSIsImRlYWRsaW5lIjoxNjc1MDUxNzc5LCJpbnNlcnRPbmx5IjoxfQ==
2023-01-30 11:10:24 W/console: Closing input service...
2023-01-30 11:10:27 I/main: Starting mirai-console...
2023-01-30 11:10:27 I/main: 

==================================[ Mirai consosle 2.13.4 ]===================================
 __       __ __                   __  ______                                      __
|  \     /  \  \                 |  \/      \                                    |  \
| ▓▓\   /  ▓▓\▓▓ ______   ______  \▓▓  ▓▓▓▓▓▓\ ______  _______   _______  ______ | ▓▓ ______
| ▓▓▓\ /  ▓▓▓  \/      \ |      \|  \ ▓▓   \▓▓/      \|       \ /       \/      \| ▓▓/      \
| ▓▓▓▓\  ▓▓▓▓ ▓▓  ▓▓▓▓▓▓\ \▓▓▓▓▓▓\ ▓▓ ▓▓     |  ▓▓▓▓▓▓\ ▓▓▓▓▓▓▓\  ▓▓▓▓▓▓▓  ▓▓▓▓▓▓\ ▓▓  ▓▓▓▓▓▓\
| ▓▓\▓▓ ▓▓ ▓▓ ▓▓ ▓▓   \▓▓/      ▓▓ ▓▓ ▓▓   __| ▓▓  | ▓▓ ▓▓  | ▓▓\▓▓    \| ▓▓  | ▓▓ ▓▓ ▓▓    ▓▓
| ▓▓ \▓▓▓| ▓▓ ▓▓ ▓▓     |  ▓▓▓▓▓▓▓ ▓▓ ▓▓__/  \ ▓▓__/ ▓▓ ▓▓  | ▓▓_\▓▓▓▓▓▓\ ▓▓__/ ▓▓ ▓▓ ▓▓▓▓▓▓▓▓
| ▓▓  \▓ | ▓▓ ▓▓ ▓▓      \▓▓    ▓▓ ▓▓\▓▓    ▓▓\▓▓    ▓▓ ▓▓  | ▓▓       ▓▓\▓▓    ▓▓ ▓▓\▓▓     \
 \▓▓      \▓▓\▓▓\▓▓       \▓▓▓▓▓▓▓\▓▓ \▓▓▓▓▓▓  \▓▓▓▓▓▓ \▓▓   \▓▓\▓▓▓▓▓▓▓  \▓▓▓▓▓▓ \▓▓ \▓▓▓▓▓▓▓


2023-01-30 11:10:27 I/main: Backend: version 2.13.4, built on 2023-01-21 21:19:40.
2023-01-30 11:10:27 I/main: Frontend Terminal: version 2.13.4, provided by Mamoe Technologies
2023-01-30 11:10:27 I/main: Welcome to visit https://mirai.mamoe.net/
2023-01-30 11:10:27 W/stderr: SLF4J: Failed to load class "org.slf4j.impl.StaticLoggerBinder".
2023-01-30 11:10:27 W/stderr: SLF4J: Defaulting to no-operation (NOP) logger implementation
2023-01-30 11:10:27 W/stderr: SLF4J: See http://www.slf4j.org/codes.html#StaticLoggerBinder for further details.
2023-01-30 11:10:28 I/plugin: Successfully loaded plugin given.PhigrosBot v0.0.1
2023-01-30 11:10:28 I/main: Prepared built-in commands: autoLogin, help, login, logout, permission, status, stop
2023-01-30 11:10:28 E/given.PhigrosBot: 启动
2023-01-30 11:10:28 I/main: 1 plugin(s) enabled.
2023-01-30 11:10:28 I/main: mirai-console started successfully.
2023-01-30 11:10:32 E/given.PhigrosBot: 命令
2023-01-30 11:10:37 I/stdout: {"bucket":"rAK3Ffdi","createdAt":"2023-01-30T03:10:37.354Z","key":"gamesaves/ee1cxEr7Ti6Dqy4Hp32OtUWJWh948tGq/.save","mime_type":"application/octet-stream","name":".save","objectId":"63d7352daa69c2bf97fd77cf","provider":"qiniu","token":"bOJAZVDET_Z11xes0ufp39ao_Tie7mrGqecKRkUf:3ROgHNvFHWmhR7KYNMSmV0JR63k=:eyJzY29wZSI6InJBSzNGZmRpOmdhbWVzYXZlcy9lZTFjeEVyN1RpNkRxeTRIcDMyT3RVV0pXaDk0OHRHcS8uc2F2ZSIsImRlYWRsaW5lIjoxNjc1MDUxODM3LCJpbnNlcnRPbmx5IjoxfQ==","upload_url":"https://upload.qiniup.com","url":"https://rak3ffdi.tds1.tapfiles.cn/gamesaves/ee1cxEr7Ti6Dqy4Hp32OtUWJWh948tGq/.save"}
2023-01-30 11:10:37 I/stdout: Z2FtZXNhdmVzL2VlMWN4RXI3VGk2RHF5NEhwMzJPdFVXSldoOTQ4dEdxLy5zYXZl
2023-01-30 11:10:37 I/stdout: UpToken bOJAZVDET_Z11xes0ufp39ao_Tie7mrGqecKRkUf:3ROgHNvFHWmhR7KYNMSmV0JR63k=:eyJzY29wZSI6InJBSzNGZmRpOmdhbWVzYXZlcy9lZTFjeEVyN1RpNkRxeTRIcDMyT3RVV0pXaDk0OHRHcS8uc2F2ZSIsImRlYWRsaW5lIjoxNjc1MDUxODM3LCJpbnNlcnRPbmx5IjoxfQ==
2023-01-30 11:11:01 W/console: Closing input service...
2023-01-30 11:11:03 I/main: Starting mirai-console...
2023-01-30 11:11:03 I/main: 

==================================[ Mirai consosle 2.13.4 ]===================================
 __       __ __                   __  ______                                      __
|  \     /  \  \                 |  \/      \                                    |  \
| ▓▓\   /  ▓▓\▓▓ ______   ______  \▓▓  ▓▓▓▓▓▓\ ______  _______   _______  ______ | ▓▓ ______
| ▓▓▓\ /  ▓▓▓  \/      \ |      \|  \ ▓▓   \▓▓/      \|       \ /       \/      \| ▓▓/      \
| ▓▓▓▓\  ▓▓▓▓ ▓▓  ▓▓▓▓▓▓\ \▓▓▓▓▓▓\ ▓▓ ▓▓     |  ▓▓▓▓▓▓\ ▓▓▓▓▓▓▓\  ▓▓▓▓▓▓▓  ▓▓▓▓▓▓\ ▓▓  ▓▓▓▓▓▓\
| ▓▓\▓▓ ▓▓ ▓▓ ▓▓ ▓▓   \▓▓/      ▓▓ ▓▓ ▓▓   __| ▓▓  | ▓▓ ▓▓  | ▓▓\▓▓    \| ▓▓  | ▓▓ ▓▓ ▓▓    ▓▓
| ▓▓ \▓▓▓| ▓▓ ▓▓ ▓▓     |  ▓▓▓▓▓▓▓ ▓▓ ▓▓__/  \ ▓▓__/ ▓▓ ▓▓  | ▓▓_\▓▓▓▓▓▓\ ▓▓__/ ▓▓ ▓▓ ▓▓▓▓▓▓▓▓
| ▓▓  \▓ | ▓▓ ▓▓ ▓▓      \▓▓    ▓▓ ▓▓\▓▓    ▓▓\▓▓    ▓▓ ▓▓  | ▓▓       ▓▓\▓▓    ▓▓ ▓▓\▓▓     \
 \▓▓      \▓▓\▓▓\▓▓       \▓▓▓▓▓▓▓\▓▓ \▓▓▓▓▓▓  \▓▓▓▓▓▓ \▓▓   \▓▓\▓▓▓▓▓▓▓  \▓▓▓▓▓▓ \▓▓ \▓▓▓▓▓▓▓


2023-01-30 11:11:03 I/main: Backend: version 2.13.4, built on 2023-01-21 21:19:40.
2023-01-30 11:11:03 I/main: Frontend Terminal: version 2.13.4, provided by Mamoe Technologies
2023-01-30 11:11:03 I/main: Welcome to visit https://mirai.mamoe.net/
2023-01-30 11:11:04 W/stderr: SLF4J: Failed to load class "org.slf4j.impl.StaticLoggerBinder".
2023-01-30 11:11:04 W/stderr: SLF4J: Defaulting to no-operation (NOP) logger implementation
2023-01-30 11:11:04 W/stderr: SLF4J: See http://www.slf4j.org/codes.html#StaticLoggerBinder for further details.
2023-01-30 11:11:04 I/plugin: Successfully loaded plugin given.PhigrosBot v0.0.1
2023-01-30 11:11:04 I/main: Prepared built-in commands: autoLogin, help, login, logout, permission, status, stop
2023-01-30 11:11:04 E/given.PhigrosBot: 启动
2023-01-30 11:11:04 I/main: 1 plugin(s) enabled.
2023-01-30 11:11:04 I/main: mirai-console started successfully.
2023-01-30 11:11:07 E/given.PhigrosBot: 命令
2023-01-30 11:11:12 I/stdout: {"bucket":"rAK3Ffdi","createdAt":"2023-01-30T03:11:12.565Z","key":"gamesaves/Zd1w5pDeRs8CYwFLV4PIhfCLudmWsf4G/.save","mime_type":"application/octet-stream","name":".save","objectId":"63d73550aa69c2bf97fd787d","provider":"qiniu","token":"bOJAZVDET_Z11xes0ufp39ao_Tie7mrGqecKRkUf:bVZjjOF0UHsqSay2gfnr9CRoA04=:eyJzY29wZSI6InJBSzNGZmRpOmdhbWVzYXZlcy9aZDF3NXBEZVJzOENZd0ZMVjRQSWhmQ0x1ZG1Xc2Y0Ry8uc2F2ZSIsImRlYWRsaW5lIjoxNjc1MDUxODcyLCJpbnNlcnRPbmx5IjoxfQ==","upload_url":"https://upload.qiniup.com","url":"https://rak3ffdi.tds1.tapfiles.cn/gamesaves/Zd1w5pDeRs8CYwFLV4PIhfCLudmWsf4G/.save"}
2023-01-30 11:11:12 I/stdout: Z2FtZXNhdmVzL1pkMXc1cERlUnM4Q1l3RkxWNFBJaGZDTHVkbVdzZjRHLy5zYXZl
2023-01-30 11:11:12 I/stdout: UpToken bOJAZVDET_Z11xes0ufp39ao_Tie7mrGqecKRkUf:bVZjjOF0UHsqSay2gfnr9CRoA04=:eyJzY29wZSI6InJBSzNGZmRpOmdhbWVzYXZlcy9aZDF3NXBEZVJzOENZd0ZMVjRQSWhmQ0x1ZG1Xc2Y0Ry8uc2F2ZSIsImRlYWRsaW5lIjoxNjc1MDUxODcyLCJpbnNlcnRPbmx5IjoxfQ==
2023-01-30 11:11:33 W/console: Closing input service...
2023-01-30 11:11:36 I/main: Starting mirai-console...
2023-01-30 11:11:36 I/main: 

==================================[ Mirai consosle 2.13.4 ]===================================
 __       __ __                   __  ______                                      __
|  \     /  \  \                 |  \/      \                                    |  \
| ▓▓\   /  ▓▓\▓▓ ______   ______  \▓▓  ▓▓▓▓▓▓\ ______  _______   _______  ______ | ▓▓ ______
| ▓▓▓\ /  ▓▓▓  \/      \ |      \|  \ ▓▓   \▓▓/      \|       \ /       \/      \| ▓▓/      \
| ▓▓▓▓\  ▓▓▓▓ ▓▓  ▓▓▓▓▓▓\ \▓▓▓▓▓▓\ ▓▓ ▓▓     |  ▓▓▓▓▓▓\ ▓▓▓▓▓▓▓\  ▓▓▓▓▓▓▓  ▓▓▓▓▓▓\ ▓▓  ▓▓▓▓▓▓\
| ▓▓\▓▓ ▓▓ ▓▓ ▓▓ ▓▓   \▓▓/      ▓▓ ▓▓ ▓▓   __| ▓▓  | ▓▓ ▓▓  | ▓▓\▓▓    \| ▓▓  | ▓▓ ▓▓ ▓▓    ▓▓
| ▓▓ \▓▓▓| ▓▓ ▓▓ ▓▓     |  ▓▓▓▓▓▓▓ ▓▓ ▓▓__/  \ ▓▓__/ ▓▓ ▓▓  | ▓▓_\▓▓▓▓▓▓\ ▓▓__/ ▓▓ ▓▓ ▓▓▓▓▓▓▓▓
| ▓▓  \▓ | ▓▓ ▓▓ ▓▓      \▓▓    ▓▓ ▓▓\▓▓    ▓▓\▓▓    ▓▓ ▓▓  | ▓▓       ▓▓\▓▓    ▓▓ ▓▓\▓▓     \
 \▓▓      \▓▓\▓▓\▓▓       \▓▓▓▓▓▓▓\▓▓ \▓▓▓▓▓▓  \▓▓▓▓▓▓ \▓▓   \▓▓\▓▓▓▓▓▓▓  \▓▓▓▓▓▓ \▓▓ \▓▓▓▓▓▓▓


2023-01-30 11:11:36 I/main: Backend: version 2.13.4, built on 2023-01-21 21:19:40.
2023-01-30 11:11:36 I/main: Frontend Terminal: version 2.13.4, provided by Mamoe Technologies
2023-01-30 11:11:36 I/main: Welcome to visit https://mirai.mamoe.net/
2023-01-30 11:11:36 W/stderr: SLF4J: Failed to load class "org.slf4j.impl.StaticLoggerBinder".
2023-01-30 11:11:36 W/stderr: SLF4J: Defaulting to no-operation (NOP) logger implementation
2023-01-30 11:11:36 W/stderr: SLF4J: See http://www.slf4j.org/codes.html#StaticLoggerBinder for further details.
2023-01-30 11:11:36 I/plugin: Successfully loaded plugin given.PhigrosBot v0.0.1
2023-01-30 11:11:36 I/main: Prepared built-in commands: autoLogin, help, login, logout, permission, status, stop
2023-01-30 11:11:36 E/given.PhigrosBot: 启动
2023-01-30 11:11:36 I/main: 1 plugin(s) enabled.
2023-01-30 11:11:36 I/main: mirai-console started successfully.
2023-01-30 11:11:40 E/given.PhigrosBot: 命令
2023-01-30 11:11:44 I/stdout: {"bucket":"rAK3Ffdi","createdAt":"2023-01-30T03:11:44.429Z","key":"gamesaves/nGbRuoAPrb7HVCfurA0yA6KOdjGwI3DV/.save","mime_type":"application/octet-stream","name":".save","objectId":"63d73570aa69c2bf97fd7928","provider":"qiniu","token":"bOJAZVDET_Z11xes0ufp39ao_Tie7mrGqecKRkUf:bGxxP3lqcc37HGJuhOl2-vjV2oc=:eyJzY29wZSI6InJBSzNGZmRpOmdhbWVzYXZlcy9uR2JSdW9BUHJiN0hWQ2Z1ckEweUE2S09kakd3STNEVi8uc2F2ZSIsImRlYWRsaW5lIjoxNjc1MDUxOTA0LCJpbnNlcnRPbmx5IjoxfQ==","upload_url":"https://upload.qiniup.com","url":"https://rak3ffdi.tds1.tapfiles.cn/gamesaves/nGbRuoAPrb7HVCfurA0yA6KOdjGwI3DV/.save"}
2023-01-30 11:11:44 I/stdout: Z2FtZXNhdmVzL25HYlJ1b0FQcmI3SFZDZnVyQTB5QTZLT2RqR3dJM0RWLy5zYXZl
2023-01-30 11:11:44 I/stdout: UpToken bOJAZVDET_Z11xes0ufp39ao_Tie7mrGqecKRkUf:bGxxP3lqcc37HGJuhOl2
2023-01-30 11:11:44 W/stderr: java.io.IOException: Server returned HTTP response code: 401 for URL: https://upload.qiniup.com/buckets/rAK3Ffdi/objects/Z2FtZXNhdmVzL25HYlJ1b0FQcmI3SFZDZnVyQTB5QTZLT2RqR3dJM0RWLy5zYXZl/uploads
2023-01-30 11:11:44 W/stderr: 	at java.base/sun.net.www.protocol.http.HttpURLConnection.getInputStream0(HttpURLConnection.java:1924)
2023-01-30 11:11:44 W/stderr: 	at java.base/sun.net.www.protocol.http.HttpURLConnection.getInputStream(HttpURLConnection.java:1520)
2023-01-30 11:11:44 W/stderr: 	at java.base/sun.net.www.protocol.https.HttpsURLConnectionImpl.getInputStream(HttpsURLConnectionImpl.java:250)
2023-01-30 11:11:44 W/stderr: 	at PhigrosBot-dev.mirai2.jar//SaveManagement.uploadZip(SaveManagement.java:144)
2023-01-30 11:11:44 W/stderr: 	at PhigrosBot-dev.mirai2.jar//MyCommand.onCommand(MyCommand.java:132)
2023-01-30 11:11:44 W/stderr: 	at net.mamoe.mirai.console.command.java.JRawCommand.onCommand(JRawCommand.kt:121)
2023-01-30 11:11:44 W/stderr: 	at net.mamoe.mirai.console.command.java.JRawCommand$overloads$1$invokeSuspend$$inlined$runBIO$1.invoke(CoroutineUtils.kt:23)
2023-01-30 11:11:44 W/stderr: 	at kotlinx.coroutines.InterruptibleKt.runInterruptibleInExpectedContext(Interruptible.kt:51)
2023-01-30 11:11:44 W/stderr: 	at kotlinx.coroutines.InterruptibleKt.access$runInterruptibleInExpectedContext(Interruptible.kt:1)
2023-01-30 11:11:44 W/stderr: 	at kotlinx.coroutines.InterruptibleKt$runInterruptible$2.invokeSuspend(Interruptible.kt:43)
2023-01-30 11:11:44 W/stderr: 	at kotlin.coroutines.jvm.internal.BaseContinuationImpl.resumeWith(ContinuationImpl.kt:33)
2023-01-30 11:11:44 W/stderr: 	at kotlinx.coroutines.DispatchedTask.run(DispatchedTask.kt:106)
2023-01-30 11:11:44 W/stderr: 	at kotlinx.coroutines.internal.LimitedDispatcher.run(LimitedDispatcher.kt:42)
2023-01-30 11:11:44 W/stderr: 	at kotlinx.coroutines.scheduling.TaskImpl.run(Tasks.kt:95)
2023-01-30 11:11:44 W/stderr: 	at kotlinx.coroutines.scheduling.CoroutineScheduler.runSafely(CoroutineScheduler.kt:570)
2023-01-30 11:11:44 W/stderr: 	at kotlinx.coroutines.scheduling.CoroutineScheduler$Worker.executeTask(CoroutineScheduler.kt:750)
2023-01-30 11:11:44 W/stderr: 	at kotlinx.coroutines.scheduling.CoroutineScheduler$Worker.runWorker(CoroutineScheduler.kt:677)
2023-01-30 11:11:44 W/stderr: 	at kotlinx.coroutines.scheduling.CoroutineScheduler$Worker.run(CoroutineScheduler.kt:664)
2023-01-30 11:13:05 W/console: Closing input service...
2023-01-30 11:13:07 I/main: Starting mirai-console...
2023-01-30 11:13:07 I/main: 

==================================[ Mirai consosle 2.13.4 ]===================================
 __       __ __                   __  ______                                      __
|  \     /  \  \                 |  \/      \                                    |  \
| ▓▓\   /  ▓▓\▓▓ ______   ______  \▓▓  ▓▓▓▓▓▓\ ______  _______   _______  ______ | ▓▓ ______
| ▓▓▓\ /  ▓▓▓  \/      \ |      \|  \ ▓▓   \▓▓/      \|       \ /       \/      \| ▓▓/      \
| ▓▓▓▓\  ▓▓▓▓ ▓▓  ▓▓▓▓▓▓\ \▓▓▓▓▓▓\ ▓▓ ▓▓     |  ▓▓▓▓▓▓\ ▓▓▓▓▓▓▓\  ▓▓▓▓▓▓▓  ▓▓▓▓▓▓\ ▓▓  ▓▓▓▓▓▓\
| ▓▓\▓▓ ▓▓ ▓▓ ▓▓ ▓▓   \▓▓/      ▓▓ ▓▓ ▓▓   __| ▓▓  | ▓▓ ▓▓  | ▓▓\▓▓    \| ▓▓  | ▓▓ ▓▓ ▓▓    ▓▓
| ▓▓ \▓▓▓| ▓▓ ▓▓ ▓▓     |  ▓▓▓▓▓▓▓ ▓▓ ▓▓__/  \ ▓▓__/ ▓▓ ▓▓  | ▓▓_\▓▓▓▓▓▓\ ▓▓__/ ▓▓ ▓▓ ▓▓▓▓▓▓▓▓
| ▓▓  \▓ | ▓▓ ▓▓ ▓▓      \▓▓    ▓▓ ▓▓\▓▓    ▓▓\▓▓    ▓▓ ▓▓  | ▓▓       ▓▓\▓▓    ▓▓ ▓▓\▓▓     \
 \▓▓      \▓▓\▓▓\▓▓       \▓▓▓▓▓▓▓\▓▓ \▓▓▓▓▓▓  \▓▓▓▓▓▓ \▓▓   \▓▓\▓▓▓▓▓▓▓  \▓▓▓▓▓▓ \▓▓ \▓▓▓▓▓▓▓


2023-01-30 11:13:07 I/main: Backend: version 2.13.4, built on 2023-01-21 21:19:40.
2023-01-30 11:13:07 I/main: Frontend Terminal: version 2.13.4, provided by Mamoe Technologies
2023-01-30 11:13:07 I/main: Welcome to visit https://mirai.mamoe.net/
2023-01-30 11:13:07 W/stderr: SLF4J: Failed to load class "org.slf4j.impl.StaticLoggerBinder".
2023-01-30 11:13:07 W/stderr: SLF4J: Defaulting to no-operation (NOP) logger implementation
2023-01-30 11:13:07 W/stderr: SLF4J: See http://www.slf4j.org/codes.html#StaticLoggerBinder for further details.
2023-01-30 11:13:08 I/plugin: Successfully loaded plugin given.PhigrosBot v0.0.1
2023-01-30 11:13:08 I/main: Prepared built-in commands: autoLogin, help, login, logout, permission, status, stop
2023-01-30 11:13:08 E/given.PhigrosBot: 启动
2023-01-30 11:13:08 I/main: 1 plugin(s) enabled.
2023-01-30 11:13:08 I/main: mirai-console started successfully.
2023-01-30 11:13:12 E/given.PhigrosBot: 命令
2023-01-30 11:13:17 I/stdout: {"bucket":"rAK3Ffdi","createdAt":"2023-01-30T03:13:17.728Z","key":"gamesaves/8ESd4518EQx6XKOgpdZnUOA38Ji7UQNN/.save","mime_type":"application/octet-stream","name":".save","objectId":"63d735cdee61328220854ee0","provider":"qiniu","token":"bOJAZVDET_Z11xes0ufp39ao_Tie7mrGqecKRkUf:GyPhuSmiWT6Ck4N1gEkUHitCKEc=:eyJzY29wZSI6InJBSzNGZmRpOmdhbWVzYXZlcy84RVNkNDUxOEVReDZYS09ncGRablVPQTM4Smk3VVFOTi8uc2F2ZSIsImRlYWRsaW5lIjoxNjc1MDUxOTk3LCJpbnNlcnRPbmx5IjoxfQ==","upload_url":"https://upload.qiniup.com","url":"https://rak3ffdi.tds1.tapfiles.cn/gamesaves/8ESd4518EQx6XKOgpdZnUOA38Ji7UQNN/.save"}
2023-01-30 11:13:17 I/stdout: Z2FtZXNhdmVzLzhFU2Q0NTE4RVF4NlhLT2dwZFpuVU9BMzhKaTdVUU5OLy5zYXZl
2023-01-30 11:13:17 I/stdout: 222
2023-01-30 11:13:17 I/stdout: UpToken bOJAZVDET_Z11xes0ufp39ao_Tie7mrGqecKRkUf:GyPhuSmiWT6Ck4N1gEkUHitCKEc=:eyJzY29wZSI6InJBSzNGZmRpOmdhbWVzYXZlcy84RVNkNDUxOEVReDZYS09ncGRablVPQTM4Smk3VVFOTi8uc2F2ZSIsImRlYWRsaW5lIjoxNjc1MDUxOTk3LCJpbnNlcnRPbmx5IjoxfQ==
2023-01-30 11:13:17 I/stdout: 63d735cd1381812854d94d6dregion02z0
2023-01-30 11:14:54 E/given.PhigrosBot: 命令
2023-01-30 11:14:59 I/stdout: {"bucket":"rAK3Ffdi","createdAt":"2023-01-30T03:14:59.284Z","key":"gamesaves/ZzMEeZQTID2OFs4Vl8LTBKh5VN1RHJ3c/.save","mime_type":"application/octet-stream","name":".save","objectId":"63d73633aa69c2bf97fd7cf2","provider":"qiniu","token":"bOJAZVDET_Z11xes0ufp39ao_Tie7mrGqecKRkUf:qo5K98GV9MzngzDE2eZZOvGcxaQ=:eyJzY29wZSI6InJBSzNGZmRpOmdhbWVzYXZlcy9aek1FZVpRVElEMk9GczRWbDhMVEJLaDVWTjFSSEozYy8uc2F2ZSIsImRlYWRsaW5lIjoxNjc1MDUyMDk5LCJpbnNlcnRPbmx5IjoxfQ==","upload_url":"https://upload.qiniup.com","url":"https://rak3ffdi.tds1.tapfiles.cn/gamesaves/ZzMEeZQTID2OFs4Vl8LTBKh5VN1RHJ3c/.save"}
2023-01-30 11:14:59 I/stdout: Z2FtZXNhdmVzL1p6TUVlWlFUSUQyT0ZzNFZsOExUQktoNVZOMVJISjNjLy5zYXZl
2023-01-30 11:14:59 I/stdout: 222
2023-01-30 11:14:59 I/stdout: UpToken bOJAZVDET_Z11xes0ufp39ao_Tie7mrGqecKRkUf:qo5K98GV9MzngzDE2eZZOvGcxaQ=:eyJzY29wZSI6InJBSzNGZmRpOmdhbWVzYXZlcy9aek1FZVpRVElEMk9GczRWbDhMVEJLaDVWTjFSSEozYy8uc2F2ZSIsImRlYWRsaW5lIjoxNjc1MDUyMDk5LCJpbnNlcnRPbmx5IjoxfQ==
2023-01-30 11:14:59 I/stdout: 63d736332a19073d82413665region02z0
2023-01-30 11:15:06 E/given.PhigrosBot: 命令
2023-01-30 11:15:08 I/stdout: {"bucket":"rAK3Ffdi","createdAt":"2023-01-30T03:15:08.327Z","key":"gamesaves/XddPSIiVYw8ZpH0NbrBldiqjGuWkSkVj/.save","mime_type":"application/octet-stream","name":".save","objectId":"63d7363cee61328220855128","provider":"qiniu","token":"bOJAZVDET_Z11xes0ufp39ao_Tie7mrGqecKRkUf:aWNK2xGK_lgw3uS3WtDC8Sq2pUI=:eyJzY29wZSI6InJBSzNGZmRpOmdhbWVzYXZlcy9YZGRQU0lpVll3OFpwSDBOYnJCbGRpcWpHdVdrU2tWai8uc2F2ZSIsImRlYWRsaW5lIjoxNjc1MDUyMTA4LCJpbnNlcnRPbmx5IjoxfQ==","upload_url":"https://upload.qiniup.com","url":"https://rak3ffdi.tds1.tapfiles.cn/gamesaves/XddPSIiVYw8ZpH0NbrBldiqjGuWkSkVj/.save"}
2023-01-30 11:15:08 I/stdout: Z2FtZXNhdmVzL1hkZFBTSWlWWXc4WnBIME5ickJsZGlxakd1V2tTa1ZqLy5zYXZl
2023-01-30 11:15:08 I/stdout: 222
2023-01-30 11:15:08 I/stdout: UpToken bOJAZVDET_Z11xes0ufp39ao_Tie7mrGqecKRkUf:aWNK2xGK_lgw3uS3WtDC8Sq2pUI=:eyJzY29wZSI6InJBSzNGZmRpOmdhbWVzYXZlcy9YZGRQU0lpVll3OFpwSDBOYnJCbGRpcWpHdVdrU2tWai8uc2F2ZSIsImRlYWRsaW5lIjoxNjc1MDUyMTA4LCJpbnNlcnRPbmx5IjoxfQ==
2023-01-30 11:15:08 I/stdout: 63d7363c81a5f257268222c4region02z0
